2018-06-25T11:37:53.755+02:00 verbose -[7FD5E6EF87C0] [Originator@6876 sub=Default] [SSL_DB] Using /home/vmware/.ovftool.ssldb as SSL DB
2018-06-25T11:37:53.755+02:00 verbose -[7FD5E6EF87C0] [Originator@6876 sub=Default] Subscribing to signal: 2 (SIGINT)
2018-06-25T11:37:53.755+02:00 verbose -[7FD5E6EF87C0] [Originator@6876 sub=Default] Subscribing to signal: 4 (SIGILL)
2018-06-25T11:37:53.755+02:00 verbose -[7FD5E6EF87C0] [Originator@6876 sub=Default] Subscribing to signal: 6 (SIGABRT)
2018-06-25T11:37:53.755+02:00 verbose -[7FD5E6EF87C0] [Originator@6876 sub=Default] Subscribing to signal: 8 (SIGFPE)
2018-06-25T11:37:53.755+02:00 verbose -[7FD5E6EF87C0] [Originator@6876 sub=Default] Subscribing to signal: 15 (SIGTERM)
2018-06-25T11:37:53.755+02:00 verbose -[7FD5E6EF87C0] [Originator@6876 sub=Default] Subscribing to signal: 1 (SIGHUP)
2018-06-25T11:37:53.755+02:00 verbose -[7FD5E6EF87C0] [Originator@6876 sub=Default] Subscribing to signal: 3 (SIGQUIT)
2018-06-25T11:37:53.755+02:00 verbose -[7FD5E6EF87C0] [Originator@6876 sub=Default] Subscribing to signal: 5 (SIGTRAP)
2018-06-25T11:37:53.755+02:00 verbose -[7FD5E6EF87C0] [Originator@6876 sub=Default] Subscribing to signal: 9 (SIGKILL)
2018-06-25T11:37:53.755+02:00 verbose -[7FD5E6EF87C0] [Originator@6876 sub=Default] Subscribing to signal: 13 (SIGPIPE)
2018-06-25T11:37:53.755+02:00 verbose -[7FD5E6EF87C0] [Originator@6876 sub=Default] Initializing progress
2018-06-25T11:37:53.755+02:00 verbose -[7FD5E6EF87C0] [Originator@6876 sub=Default] OvfTool Version: VMware ovftool 4.1.0 (build-3634792)
2018-06-25T11:37:53.755+02:00 verbose -[7FD5E6EF87C0] [Originator@6876 sub=Default] Using home directory: ./.ovftool
2018-06-25T11:37:53.759+02:00 verbose -[7FD5E6EF87C0] [Originator@6876 sub=Default] Curl Version: 7.43.0
2018-06-25T11:37:53.759+02:00 verbose -[7FD5E6EF87C0] [Originator@6876 sub=Default] Done initializing libs
2018-06-25T11:37:53.759+02:00 verbose -[7FD5E6EF87C0] [Originator@6876 sub=Default] Determining source
2018-06-25T11:37:53.759+02:00 verbose -[7FD5E6EF87C0] [Originator@6876 sub=Default] Determining target
2018-06-25T11:37:53.759+02:00 verbose -[7FD5E6EF87C0] [Originator@6876 sub=Default] Getting source
2018-06-25T11:37:53.759+02:00 verbose -[7FD5E6EF87C0] [Originator@6876 sub=Default] Parsing URL
2018-06-25T11:37:53.760+02:00 verbose -[7FD5E6EF87C0] [Originator@6876 sub=Default] Parsing URL
2018-06-25T11:37:53.763+02:00 verbose -[7FD5E6EF87C0] [Originator@6876 sub=Default] Opening source
2018-06-25T11:37:53.763+02:00 verbose -[7FD5E6EF87C0] [Originator@6876 sub=Default] OvfPackageSourceBase::Open
2018-06-25T11:37:53.765+02:00 verbose -[7FD5E6EF87C0] [Originator@6876 sub=Default] Manifest file present. Parsing file.
2018-06-25T11:37:53.765+02:00 verbose -[7FD5E6EF87C0] [Originator@6876 sub=Default] Manifest file entry: SHA1(nsx-unified-appliance.vmdk) = 1d356bc8e726bfa8efe27d1ac14f0dd7514079a6
2018-06-25T11:37:53.765+02:00 verbose -[7FD5E6EF87C0] [Originator@6876 sub=Default] Certificate file present. Validating content.
2018-06-25T11:37:53.765+02:00 verbose -[7FD5E6EF87C0] [Originator@6876 sub=Default] Certificate found: -----BEGIN CERTIFICATE-----
--> MIIDyzCCArOgAwIBAgIJAKH7xLtwMqSZMA0GCSqGSIb3DQEBBQUAME0xCzAJBgNV
--> BAYTAlVTMRMwEQYDVQQIEwpDYWxpZm9ybmlhMRIwEAYDVQQHEwlQYWxvIEFsdG8x
--> FTATBgNVBAoTDFZNd2FyZSwgSW5jLjAeFw0xMDAyMjYyMjE3NDFaFw0yNjAxMDMy
--> MjE3NDFaME0xCzAJBgNVBAYTAlVTMRMwEQYDVQQIEwpDYWxpZm9ybmlhMRIwEAYD
--> VQQHEwlQYWxvIEFsdG8xFTATBgNVBAoTDFZNd2FyZSwgSW5jLjCCASAwDQYJKoZI
--> hvcNAQEBBQADggENADCCAQgCggEBALU9NUtC39fqG7yo2XAswUmtli9uA+31uAMw
--> 9FFHAEv/it8pzBQZ/4r+2bN+GnXOWhuDd1K4ApKMRvoO4LwQfZxrkx4pXrsu0gdb
--> 4OunHw0D8MrdzSoob8Js/uq+IJ+8Bhsc6b7RzTUt9HeDWzHasAJVgMsjehGt23ay
--> 9FKOT6dVD6D/Xi3qJnB/4t/XNS6L63dC3ea4guzKDyLaXIP5bf/m56jvVImFjhhT
--> W2ASbnEUlZIVrEuyVcdG7e3FvZufE553JmHL0YG/0m5bIHXKRzBRx0D3HHOAzOKw
--> kkOnxJHSTN4Hz8hSYCWvzUAjSYL3Q8qiTd7GHJ2ynsRnu3KlzKUCAQOjga8wgaww
--> HQYDVR0OBBYEFHg8KQJdm8NPQDmYP41uEgKG+VNwMH0GA1UdIwR2MHSAFHg8KQJd
--> m8NPQDmYP41uEgKG+VNwoVGkTzBNMQswCQYDVQQGEwJVUzETMBEGA1UECBMKQ2Fs
--> aWZvcm5pYTESMBAGA1UEBxMJUGFsbyBBbHRvMRUwEwYDVQQKEwxWTXdhcmUsIElu
--> Yy6CCQCh+8S7cDKkmTAMBgNVHRMEBTADAQH/MA0GCSqGSIb3DQEBBQUAA4IBAQCP
--> nVEBVF2jYEsgaTJ1v17HNTVTD5pBPfbQk/2vYVZEWL20PtJuLeSWwoo5+TnCSp69
--> i9n1Hpm9JWHjyb1Lba8Xx7VC4FferIyxt0ivRm9l9ouo/pQAR8xyqjTg1qfr5V8S
--> fZElKbjpzSMPrxLwF77h+YB+YjqWAJpVV+fAkAvK7K9vMiFgW60teZBxVW/XlmG0
--> IJaSUWSI3/A+bA6fuIy8PMmpQMtm0droHrCnViAVRhMMgEC/doMH1GqUSmoiyQ1G
--> PifLAp5wV5/HV+S9AGrb8HGdWIvW+kBgmCl0wSf2JFYm1bpq30CVE4EC0MAY1mJG
--> vSqQGIbCybw5KTCXRQ8d
--> -----END CERTIFICATE-----
--> 
2018-06-25T11:37:53.765+02:00 verbose -[7FD5E6EF87C0] [Originator@6876 sub=Default] Using Linux certificate repository: /etc/ssl/certs/ca-certificates.crt
2018-06-25T11:37:53.765+02:00 verbose -[7FD5E6EF87C0] [Originator@6876 sub=Default] Using certificate repository at /data/BITS/ovftool/certs
2018-06-25T11:37:53.794+02:00 verbose -[7FD5E6EF87C0] [Originator@6876 sub=Default] Referenced file in OVF descriptor does not appear in the manifest file. This is allowed by OVF spec.
2018-06-25T11:37:53.795+02:00 verbose -[7FD5E6EF87C0] [Originator@6876 sub=Default] Verifying that the files references in manifest are valid
2018-06-25T11:37:53.795+02:00 verbose -[7FD5E6EF87C0] [Originator@6876 sub=Default] OvfPackageSourceBase parsing message bundle
2018-06-25T11:37:53.796+02:00 verbose -[7FD5E6EF87C0] [Originator@6876 sub=Default] Validating files
2018-06-25T11:37:53.796+02:00 verbose -[7FD5E6EF87C0] [Originator@6876 sub=Default] Getting target
2018-06-25T11:37:53.796+02:00 verbose -[7FD5E6EF87C0] [Originator@6876 sub=Default] Connecting to vi host
2018-06-25T11:37:53.796+02:00 verbose -[7FD5E6EF87C0] [Originator@6876 sub=Default] Skip SSL verification
2018-06-25T11:37:53.797+02:00 verbose -[7FD5E6EF87C0] [Originator@6876 sub=HttpConnectionPool-000000] HttpConnectionPoolImpl created. maxPoolConnections = 20; idleTimeout = 900000000; maxOpenConnections = 20; maxConnectionAge = 0
2018-06-25T11:37:53.797+02:00 verbose -[7FD5E6EF87C0] [Originator@6876 sub=Default] Getting version of the VI host : vcsa.cpod-lab.shwrfr.mooo.com
2018-06-25T11:37:53.798+02:00 verbose -[7FD5E6EF87C0] [Originator@6876 sub=Default] Initializing new curl session
2018-06-25T11:37:53.799+02:00 verbose -[7FD5E6EF87C0] [Originator@6876 sub=Default] WebRequest set basic http authorization, username : administrator%40cpod-lab.shwrfr.mooo.com
2018-06-25T11:37:53.799+02:00 verbose -[7FD5E6EF87C0] [Originator@6876 sub=Default] Getting http page: https://vcsa.cpod-lab.shwrfr.mooo.com/sdk/vimServiceVersions.xml
2018-06-25T11:37:53.808+02:00 verbose -[7FD5E6EF87C0] [Originator@6876 sub=Default] Http response code: 200
2018-06-25T11:37:53.808+02:00 verbose -[7FD5E6EF87C0] [Originator@6876 sub=Default] Http response body:
--> <?xml version="1.0" encoding="UTF-8" ?><namespaces version="1.0"><namespace><name>urn:vim25</name><version>6.7</version><priorVersions><version>6.5</version><version>6.0</version><version>5.5</version><version>5.1</version><version>5.0</version><version>4.1</version><version>4.0</version></priorVersions></namespace></namespaces>
--> 
2018-06-25T11:37:53.808+02:00 verbose -[7FD5E6EF87C0] [Originator@6876 sub=Default] [ViConnection] Using vim API version: 6.0
2018-06-25T11:37:53.808+02:00 verbose -[7FD5D71BC700] [Originator@6876 sub=Default] Curl session torn down
2018-06-25T11:37:53.817+02:00 verbose -[7FD5E6EF87C0] [Originator@6876 sub=Default] Determine if server is a standalone host or vpxd
2018-06-25T11:37:53.817+02:00 verbose -[7FD5E6EF87C0] [Originator@6876 sub=Default] Login to server based on username and password
2018-06-25T11:37:53.817+02:00 verbose -[7FD5E6EF87C0] [Originator@6876 sub=Default] Setting VI connection message locale (via login) to: 
2018-06-25T11:37:53.817+02:00 verbose -[7FD5E6EF87C0] [Originator@6876 sub=HttpConnectionPool-000001] HttpConnectionPoolImpl created. maxPoolConnections = 1; idleTimeout = 900000000; maxOpenConnections = 1; maxConnectionAge = 0
2018-06-25T11:37:53.861+02:00 verbose -[7FD5E6EF87C0] [Originator@6876 sub=Default] Setup nfcService, used to get a ticket for uploading/downloading a disk.
2018-06-25T11:37:53.865+02:00 verbose -[7FD5E6EF87C0] [Originator@6876 sub=Default] Get host or vc sslthumpprint.
2018-06-25T11:37:53.865+02:00 verbose -[7FD5E6EF87C0] [Originator@6876 sub=Default] Keeping VI session alive
2018-06-25T11:37:53.879+02:00 verbose -[7FD5E6EF87C0] [Originator@6876 sub=Default] Ovf converter is executing
2018-06-25T11:37:53.879+02:00 verbose -[7FD5E6EF87C0] [Originator@6876 sub=Default] Starting Ovf convertion, OVF source Descriptor: <?xml version="1.0" encoding="UTF-8"?>
--> <ovf:Envelope xmlns:ovf="http://schemas.dmtf.org/ovf/envelope/1" xmlns="http://schemas.dmtf.org/ovf/envelope/1" xmlns:rasd="http://schemas.dmtf.org/wbem/wscim/1/cim-schema/2/CIM_ResourceAllocationSettingData" xmlns:vssd="http://schemas.dmtf.org/wbem/wscim/1/cim-schema/2/CIM_VirtualSystemSettingData" xmlns:xsi="http://www.w3.org/2001/XMLSchema-instance" xmlns:vmw="http://www.vmware.com/schema/ovf">
-->   <References>
-->     <File ovf:href="nsx-unified-appliance.vmdk" ovf:size="3781747200" ovf:id="nsx-unified-appliance.vmdk_id"/>
-->   </References>
-->   <DeploymentOptionSection>
-->     <Info>The list of deployment options</Info>
-->     <Configuration ovf:id="small">
-->       <Label ovf:msgid="config.small.label">Small</Label>
-->       <Description ovf:msgid="config.small.description">
--> IMPORTANT: This configuration is intended for proof-of-concept or test environments and should not be used in a production environment.
--> 
--> This configuration requires the following:
--> * 2 vCPU
--> * 8GB RAM
--> * 140GB Storage
--> * VM hardware version 10 or greater (vSphere 5.5 or greater)
-->       </Description>
-->     </Configuration>
-->     <Configuration ovf:id="medium" ovf:default="true">
-->       <Label ovf:msgid="config.medium.label">Medium</Label>
-->       <Description ovf:msgid="config.medium.description">
--> This configuration requires the following:
--> * 4 vCPU
--> * 16GB RAM
--> * 140GB Storage
--> * VM hardware version 10 or greater (vSphere 5.5 or greater)
-->       </Description>
-->     </Configuration>
-->     <Configuration ovf:id="medium_large">
-->       <Label ovf:msgid="config.medium_large.label">MediumLarge</Label>
-->       <Description ovf:msgid="config.medium_large.description">
--> This configuration requires the following:
--> * 6 vCPU
--> * 24GB RAM
--> * 140GB Storage
--> * VM hardware version 10 or greater (vSphere 5.5 or greater)
-->       </Description>
-->     </Configuration>
-->     <Configuration ovf:id="large">
-->       <Label ovf:msgid="config.large.label">Large</Label>
-->       <Description ovf:msgid="config.large.description">
--> This configuration requires the following:
--> * 8 vCPU
--> * 32GB RAM
--> * 140GB Storage
--> * VM hardware version 10 or greater (vSphere 5.5 or greater)
-->       </Description>
-->     </Configuration>
-->   </DeploymentOptionSection>
-->   <NetworkSection>
-->     <Info>List of logical networks used in the package</Info>
-->     <Network ovf:name="Network 1">
-->       <Description>Network 1</Description>
-->     </Network>
-->   </NetworkSection>
-->   <vmw:IpAssignmentSection ovf:required="false" vmw:protocols="IPv4,IPv6" vmw:schemes="">
-->     <Info>Supported IP assignment schemes</Info>
-->   </vmw:IpAssignmentSection>
-->   <DiskSection>
-->     <Info>List of the virtual disks and partitions needed</Info>
-->     <Disk ovf:diskId="system" ovf:capacity="143360" ovf:capacityAllocationUnits="byte * 2^20" ovf:format="http://www.vmware.com/interfaces/specifications/vmdk.html#streamOptimized" ovf:fileRef="nsx-unified-appliance.vmdk_id" ovf:populatedSize="5172690944"/>
-->   </DiskSection>
-->   <VirtualSystem ovf:id="nsx-unified-appliance">
-->     <Info>A virtual machine</Info>
-->     <ProductSection ovf:required="false">
-->       <Info>VM ISV branding information</Info>
-->       <Product>nsx-unified-appliance</Product>
-->       <Vendor>VMware, Inc</Vendor>
-->       <!--
-->             Version is the actual product version in the
-->             form X.X.X.X where X is an unsigned 16-bit integer.
--> 
-->             FullVersion is a descriptive version string
-->             including, for example, alpha or beta designations
-->             and other release criteria.
-->         -->
-->       <Version>2.2.0.0</Version>
-->       <FullVersion>2.2.0.0.0.8680778</FullVersion>
-->       <ProductUrl/>
-->       <VendorUrl/>
-->       <AppUrl>http://${vami.ip0.nsx-unified-appliance}/</AppUrl>
-->       <Category>Application</Category>
-->       <Property ovf:key="nsx_passwd_0" ovf:type="string" ovf:userConfigurable="true" ovf:qualifiers="MinLen(1)" ovf:password="true">
-->         <Label ovf:msgid="root.user.password.label">System Root User Password</Label>
-->         <Description ovf:msgid="root.user.password.desc">The password for root user for this VM.
--> Please follow the password complexity rule as below:
-->     - Min of 8 characters
-->     - &gt;=1 lower case letter
-->     - &gt;=1 upper case letter
-->     - &gt;=1 number digit
-->     - &gt;=1 special char
-->     - At least five different characters
-->     - No dictionary words
-->     - No palindromes
-->     NOTE: Password strength validation will occur during VM boot.  If the password does not meet the above criteria then login as root user for the change password prompt to appear.
-->       </Description>
-->       </Property>
-->       <Property ovf:key="nsx_cli_passwd_0" ovf:type="string" ovf:userConfigurable="true" ovf:qualifiers="MinLen(1)" ovf:password="true">
-->         <Label ovf:msgid="cli.user.password.label">CLI "admin" User Password</Label>
-->         <Description ovf:msgid="cli.user.password.desc">The password for default CLI user for this VM.
--> Please follow the password complexity rule as below:
-->     - Min of 8 characters
-->     - &gt;=1 lower case letter
-->     - &gt;=1 upper case letter
-->     - &gt;=1 number digit
-->     - &gt;=1 special char
-->     - At least five different characters
-->     - No dictionary words
-->     - No palindromes
-->     NOTE: Password strength validation will occur during VM boot.  If the password does not meet the above criteria then login as admin user for the change password prompt to appear.
-->       </Description>
-->       </Property>
-->       <Property ovf:key="nsx_cli_audit_passwd_0" ovf:type="string" ovf:userConfigurable="true" ovf:password="true">
-->         <Label ovf:msgid="cli.audit.user.password.label">CLI "audit" User Password</Label>
-->         <Description ovf:msgid="cli.audit.user.password.desc">The password for audit CLI user for this VM.
--> Please follow the password complexity rule as below:
-->     - Min of 8 characters
-->     - &gt;=1 lower case letter
-->     - &gt;=1 upper case letter
-->     - &gt;=1 number digit
-->     - &gt;=1 special char
-->     - At least five different characters
-->     - No dictionary words
-->     - No palindromes
-->     NOTE: Password strength validation will occur during VM boot.  If the password does not meet the above criteria then login as admin user and use the NSX CLI command "set user audit" to change the audit user password.
-->       </Description>
-->       </Property>
-->       <Property ovf:key="nsx_cli_username" ovf:type="string" ovf:userConfigurable="true">
-->         <Label ovf:msgid="cli.user.username.label">CLI "admin" username (default: admin)</Label>
-->         <Description ovf:msgid="cli.user.username.desc">Username of administrator user.</Description>
-->       </Property>
-->       <Property ovf:key="nsx_cli_audit_username" ovf:type="string" ovf:userConfigurable="true">
-->         <Label ovf:msgid="cli.user.username.label">CLI "audit" username (default: audit)</Label>
-->         <Description ovf:msgid="cli.user.username.desc">Username of auditor user.</Description>
-->       </Property>
-->       <Property ovf:key="extraPara" ovf:type="string" ovf:userConfigurable="true">
-->         <Label ovf:msgid="extraPara.label">Optional parameters</Label>
-->         <Description ovf:msgid="extraPara.desc">For internal use only.
-->       </Description>
-->       </Property>
-->       <Category ovf:msgid="network.ipv4.category">Network properties</Category>
-->       <Property ovf:key="nsx_hostname" ovf:type="string" ovf:userConfigurable="true" ovf:qualifiers="MinLen(1)">
-->         <Label ovf:msgid="hostname.label">Hostname</Label>
-->         <Description ovf:msgid="hostname.desc">The hostname for this VM.
-->     NOTE: Underscores in hostname are not allowed.  If hostname contains underscore, then the appliance gets deployed with 'nsx-manager' as hostname.
-->         </Description>
-->       </Property>
-->       <Property ovf:key="nsx_role" ovf:type="string" ovf:userConfigurable="true" ovf:value="nsx-manager" ovf:qualifiers="ValueMap{&quot;nsx-manager&quot;,&quot;nsx-policy-manager&quot;,&quot;nsx-cloud-service-manager&quot;,&quot;nsx-manager nsx-policy-manager&quot;}">
-->         <Label ovf:msgid="nsx_role.label">Rolename</Label>
-->         <Description ovf:msgid="nsx_role.desc">The role for this VM. Currently supports nsx-manager, nsx-policy-manager, nsx-cloud-service-manager OR 'nsx-manager nsx-policy-manager' (multi-role) as rolename.
-->     NOTE: 'nsx-manager nsx-policy-manager' (multi-role) is not supported for on premise deployments. (It is supported only for VMware Cloud on AWS deployments)
-->         </Description>
-->       </Property>
-->       <Property ovf:key="nsx_gateway_0" ovf:type="string" ovf:userConfigurable="true">
-->         <Label ovf:msgid="network.ipv4.gateway.label">Default IPv4 Gateway</Label>
-->         <Description ovf:msgid="network.ipv4.gateway.desc">The default gateway for this VM.</Description>
-->       </Property>
-->       <Property ovf:key="nsx_ip_0" ovf:type="string" ovf:userConfigurable="true">
-->         <Label ovf:msgid="network.ipv4.address.label">Management Network IPv4 Address</Label>
-->         <Description ovf:msgid="network.ipv4.address.desc">The IPv4 Address for the first interface.</Description>
-->       </Property>
-->       <Property ovf:key="nsx_netmask_0" ovf:type="string" ovf:userConfigurable="true">
-->         <Label ovf:msgid="network.ipv4.netmask.label">Management Network Netmask</Label>
-->         <Description ovf:msgid="network.ipv4.netmask.desc">The netmask for the first interface.</Description>
-->       </Property>
-->       <Category ovf:msgid="dns.category">DNS</Category>
-->       <Property ovf:key="nsx_dns1_0" ovf:type="string" ovf:userConfigurable="true">
-->         <Label ovf:msgid="dns.primary.label">DNS Server list</Label>
-->         <Description ovf:msgid="dns.primary.desc">The space separated DNS server list for this VM (valid only if an IPv4 address is specified for the first interface).</Description>
-->       </Property>
-->       <Property ovf:key="nsx_domain_0" ovf:type="string" ovf:userConfigurable="true">
-->         <Label ovf:msgid="dns.domain.label">Domain Search List</Label>
-->         <Description ovf:msgid="dns.domain.desc">The space separated domain search list for this VM (valid only if an IPv4 address is specified for the first interface).</Description>
-->       </Property>
-->       <Category ovf:msgid="services.configuration.category">Services Configuration</Category>
-->       <Property ovf:key="nsx_ntp_0" ovf:type="string" ovf:userConfigurable="true">
-->         <Label ovf:msgid="ntp.label">NTP Server List</Label>
-->         <Description ovf:msgid="ntp.desc">The NTP server list(space separated) for this VM.</Description>
-->       </Property>
-->       <Property ovf:key="nsx_isSSHEnabled" ovf:value="false" ovf:type="boolean" ovf:userConfigurable="true">
-->         <Label ovf:msgid="ssh.label">Enable SSH</Label>
-->         <Description ovf:msgid="ssh.desc">Enabling SSH service is not recommended for security reasons.</Description>
-->       </Property>
-->       <Property ovf:key="nsx_allowSSHRootLogin" ovf:value="false" ovf:type="boolean" ovf:userConfigurable="true">
-->         <Label ovf:msgid="ssh.label">Allow root SSH logins</Label>
-->         <Description ovf:msgid="ssh.desc">Allowing root SSH logins is not recommended for security reasons.</Description>
-->       </Property>
-->     </ProductSection>
-->     <ProductSection ovf:class="vami" ovf:instance="nsx-unified-appliance" ovf:required="false">
-->       <Info>VAMI Properties</Info>
-->     </ProductSection>
-->     <ProductSection ovf:class="vm" ovf:required="false">
-->       <Info>VM specific properties</Info>
-->     </ProductSection>
-->     <AnnotationSection>
-->       <Info/>
-->       <Annotation/>
-->     </AnnotationSection>
-->     <OperatingSystemSection ovf:id="94" ovf:version="" vmw:osType="ubuntu64Guest">
-->       <Info>Guest Operating System</Info>
-->       <Description>Ubuntu 12.04 64bit</Description>
-->     </OperatingSystemSection>
-->     <VirtualHardwareSection ovf:transport="com.vmware.guestInfo" ovf:required="false">
-->       <Info>Virtual Hardware Requirements</Info>
-->       <System>
-->         <vssd:ElementName>Virtual Hardware Family</vssd:ElementName>
-->         <vssd:InstanceID>0</vssd:InstanceID>
-->         <vssd:VirtualSystemType>vmx-13 vmx-11 vmx-10</vssd:VirtualSystemType>
-->       </System>
-->       <Item ovf:configuration="small">
-->         <rasd:AllocationUnits>hertz * 10^6</rasd:AllocationUnits>
-->         <rasd:Description>Number of virtual CPUs</rasd:Description>
-->         <rasd:ElementName xmlns:rasd="http://schemas.dmtf.org/wbem/wscim/1/cim-schema/2/CIM_ResourceAllocationSettingData">2 virtual CPU</rasd:ElementName>
-->         <rasd:InstanceID xmlns:rasd="http://schemas.dmtf.org/wbem/wscim/1/cim-schema/2/CIM_ResourceAllocationSettingData">1</rasd:InstanceID>
-->         <rasd:Reservation>2</rasd:Reservation>
-->         <rasd:ResourceType>3</rasd:ResourceType>
-->         <rasd:VirtualQuantity>2</rasd:VirtualQuantity>
-->       </Item>
-->       <Item ovf:configuration="medium">
-->         <rasd:AllocationUnits>hertz * 10^6</rasd:AllocationUnits>
-->         <rasd:Description>Number of virtual CPUs</rasd:Description>
-->         <rasd:ElementName xmlns:rasd="http://schemas.dmtf.org/wbem/wscim/1/cim-schema/2/CIM_ResourceAllocationSettingData">4 virtual CPU</rasd:ElementName>
-->         <rasd:InstanceID xmlns:rasd="http://schemas.dmtf.org/wbem/wscim/1/cim-schema/2/CIM_ResourceAllocationSettingData">1</rasd:InstanceID>
-->         <rasd:Reservation>4</rasd:Reservation>
-->         <rasd:ResourceType>3</rasd:ResourceType>
-->         <rasd:VirtualQuantity>4</rasd:VirtualQuantity>
-->       </Item>
-->       <Item ovf:configuration="medium_large">
-->         <rasd:AllocationUnits>hertz * 10^6</rasd:AllocationUnits>
-->         <rasd:Description>Number of virtual CPUs</rasd:Description>
-->         <rasd:ElementName xmlns:rasd="http://schemas.dmtf.org/wbem/wscim/1/cim-schema/2/CIM_ResourceAllocationSettingData">6 virtual CPU</rasd:ElementName>
-->         <rasd:InstanceID xmlns:rasd="http://schemas.dmtf.org/wbem/wscim/1/cim-schema/2/CIM_ResourceAllocationSettingData">1</rasd:InstanceID>
-->         <rasd:Reservation>6</rasd:Reservation>
-->         <rasd:ResourceType>3</rasd:ResourceType>
-->         <rasd:VirtualQuantity>6</rasd:VirtualQuantity>
-->       </Item>
-->       <Item ovf:configuration="large">
-->         <rasd:AllocationUnits>hertz * 10^6</rasd:AllocationUnits>
-->         <rasd:Description>Number of virtual CPUs</rasd:Description>
-->         <rasd:ElementName xmlns:rasd="http://schemas.dmtf.org/wbem/wscim/1/cim-schema/2/CIM_ResourceAllocationSettingData">8 virtual CPU</rasd:ElementName>
-->         <rasd:InstanceID xmlns:rasd="http://schemas.dmtf.org/wbem/wscim/1/cim-schema/2/CIM_ResourceAllocationSettingData">1</rasd:InstanceID>
-->         <rasd:Reservation>8</rasd:Reservation>
-->         <rasd:ResourceType>3</rasd:ResourceType>
-->         <rasd:VirtualQuantity>8</rasd:VirtualQuantity>
-->       </Item>
-->       <Item ovf:configuration="small">
-->         <rasd:AllocationUnits>byte * 2^20</rasd:AllocationUnits>
-->         <rasd:Description>Memory Size</rasd:Description>
-->         <rasd:ElementName xmlns:rasd="http://schemas.dmtf.org/wbem/wscim/1/cim-schema/2/CIM_ResourceAllocationSettingData">8192 MB of memory</rasd:ElementName>
-->         <rasd:InstanceID xmlns:rasd="http://schemas.dmtf.org/wbem/wscim/1/cim-schema/2/CIM_ResourceAllocationSettingData">2</rasd:InstanceID>
-->         <rasd:Reservation>8192</rasd:Reservation>
-->         <rasd:ResourceType>4</rasd:ResourceType>
-->         <rasd:VirtualQuantity>8192</rasd:VirtualQuantity>
-->       </Item>
-->       <Item ovf:configuration="medium">
-->         <rasd:AllocationUnits>byte * 2^20</rasd:AllocationUnits>
-->         <rasd:Description>Memory Size</rasd:Description>
-->         <rasd:ElementName xmlns:rasd="http://schemas.dmtf.org/wbem/wscim/1/cim-schema/2/CIM_ResourceAllocationSettingData">16384 MB of memory</rasd:ElementName>
-->         <rasd:InstanceID xmlns:rasd="http://schemas.dmtf.org/wbem/wscim/1/cim-schema/2/CIM_ResourceAllocationSettingData">2</rasd:InstanceID>
-->         <rasd:Reservation>16384</rasd:Reservation>
-->         <rasd:ResourceType>4</rasd:ResourceType>
-->         <rasd:VirtualQuantity>16384</rasd:VirtualQuantity>
-->       </Item>
-->       <Item ovf:configuration="medium_large">
-->         <rasd:AllocationUnits>byte * 2^20</rasd:AllocationUnits>
-->         <rasd:Description>Memory Size</rasd:Description>
-->         <rasd:ElementName xmlns:rasd="http://schemas.dmtf.org/wbem/wscim/1/cim-schema/2/CIM_ResourceAllocationSettingData">24576 MB of memory</rasd:ElementName>
-->         <rasd:InstanceID xmlns:rasd="http://schemas.dmtf.org/wbem/wscim/1/cim-schema/2/CIM_ResourceAllocationSettingData">2</rasd:InstanceID>
-->         <rasd:Reservation>24576</rasd:Reservation>
-->         <rasd:ResourceType>4</rasd:ResourceType>
-->         <rasd:VirtualQuantity>24576</rasd:VirtualQuantity>
-->       </Item>
-->       <Item ovf:configuration="large">
-->         <rasd:AllocationUnits>byte * 2^20</rasd:AllocationUnits>
-->         <rasd:Description>Memory Size</rasd:Description>
-->         <rasd:ElementName xmlns:rasd="http://schemas.dmtf.org/wbem/wscim/1/cim-schema/2/CIM_ResourceAllocationSettingData">32768 MB of memory</rasd:ElementName>
-->         <rasd:InstanceID xmlns:rasd="http://schemas.dmtf.org/wbem/wscim/1/cim-schema/2/CIM_ResourceAllocationSettingData">2</rasd:InstanceID>
-->         <rasd:Reservation>32768</rasd:Reservation>
-->         <rasd:ResourceType>4</rasd:ResourceType>
-->         <rasd:VirtualQuantity>32768</rasd:VirtualQuantity>
-->       </Item>
-->       <Item>
-->         <rasd:AutomaticAllocation>true</rasd:AutomaticAllocation>
-->         <rasd:Connection>Network 1</rasd:Connection>
-->         <rasd:ElementName xmlns:rasd="http://schemas.dmtf.org/wbem/wscim/1/cim-schema/2/CIM_ResourceAllocationSettingData">Ethernet adapter on vmnet</rasd:ElementName>
-->         <rasd:InstanceID xmlns:rasd="http://schemas.dmtf.org/wbem/wscim/1/cim-schema/2/CIM_ResourceAllocationSettingData">3</rasd:InstanceID>
-->         <rasd:ResourceSubType>VmxNet3</rasd:ResourceSubType>
-->         <rasd:ResourceType>10</rasd:ResourceType>
-->       </Item>
-->       <Item>
-->         <rasd:Address xmlns:rasd="http://schemas.dmtf.org/wbem/wscim/1/cim-schema/2/CIM_ResourceAllocationSettingData">0</rasd:Address>
-->         <rasd:ElementName xmlns:rasd="http://schemas.dmtf.org/wbem/wscim/1/cim-schema/2/CIM_ResourceAllocationSettingData">SCSI Controller 0  - lsilogic</rasd:ElementName>
-->         <rasd:InstanceID xmlns:rasd="http://schemas.dmtf.org/wbem/wscim/1/cim-schema/2/CIM_ResourceAllocationSettingData">4</rasd:InstanceID>
-->         <rasd:ResourceSubType>lsilogic</rasd:ResourceSubType>
-->         <rasd:ResourceType>6</rasd:ResourceType>
-->       </Item>
-->       <Item>
-->         <rasd:AddressOnParent>0</rasd:AddressOnParent>
-->         <rasd:ElementName xmlns:rasd="http://schemas.dmtf.org/wbem/wscim/1/cim-schema/2/CIM_ResourceAllocationSettingData">Harddisk 1</rasd:ElementName>
-->         <rasd:HostResource>ovf:/disk/system</rasd:HostResource>
-->         <rasd:InstanceID xmlns:rasd="http://schemas.dmtf.org/wbem/wscim/1/cim-schema/2/CIM_ResourceAllocationSettingData">5</rasd:InstanceID>
-->         <rasd:Parent>4</rasd:Parent>
-->         <rasd:ResourceType>17</rasd:ResourceType>
-->       </Item>
-->       <vmw:Config ovf:required="false" vmw:key="tools.syncTimeWithHost" vmw:value="false"/>
-->       <vmw:ExtraConfig vmw:key="time.synchronize.continue" vmw:value="false"/>
-->       <vmw:ExtraConfig vmw:key="time.synchronize.restore" vmw:value="false"/>
-->       <vmw:ExtraConfig vmw:key="time.synchronize.resume.disk" vmw:value="false"/>
-->       <vmw:ExtraConfig vmw:key="time.synchronize.shrink" vmw:value="false"/>
-->       <vmw:ExtraConfig vmw:key="time.synchronize.tools.startup" vmw:value="false"/>
--> 	<vmw:ExtraConfig vmw:key="RemoteDisplay.maxConnections" vmw:value="1"/>
-->     </VirtualHardwareSection>
-->   </VirtualSystem>
--> </ovf:Envelope>
--> 
2018-06-25T11:37:53.945+02:00 verbose -[7FD5E6EF87C0] [Originator@6876 sub=Default] Hostsystem used as deploy target: vim.HostSystem:host-14
2018-06-25T11:37:54.292+02:00 verbose -[7FD5E6EF87C0] [Originator@6876 sub=Default] Parsing URL
2018-06-25T11:37:54.294+02:00 verbose -[7FD5E6EF87C0] [Originator@6876 sub=Default] Using file size as progress measure
2018-06-25T11:37:54.294+02:00 verbose -[7FD5DDEB7700] [Originator@6876 sub=Default] OvfPackageSourceBase getting file source
2018-06-25T11:37:54.294+02:00 verbose -[7FD5DDEB7700] [Originator@6876 sub=Default] HttpWriterFactory web request : https://esx-02.cpod-lab.shwrfr.mooo.com/nfc/52ca2883-b328-0771-54fd-9b4d1e7d1903/disk-0.vmdk
2018-06-25T11:37:54.294+02:00 verbose -[7FD5DDEB7700] [Originator@6876 sub=Default] Initializing new curl session
2018-06-25T11:40:39.620+02:00 verbose -[7FD5DDEB7700] [Originator@6876 sub=Default] Closing writer. Locator: https://esx-02.cpod-lab.shwrfr.mooo.com/nfc/52ca2883-b328-0771-54fd-9b4d1e7d1903/disk-0.vmdk (Written bytes: 3781747200)
2018-06-25T11:40:39.630+02:00 verbose -[7FD5DDEB7700] [Originator@6876 sub=Default] Curl session torn down
2018-06-25T11:40:39.630+02:00 verbose -[7FD5E6EF87C0] [Originator@6876 sub=Default] Ovf convertion finished
2018-06-25T11:40:40.585+02:00 verbose -[7FD5E6EF87C0] [Originator@6876 sub=Default] OutputFilePath : 
2018-06-25T11:40:41.088+02:00 verbose -[7FD3250DC7C0] [Originator@6876 sub=Default] [SSL_DB] Using /home/vmware/.ovftool.ssldb as SSL DB
2018-06-25T11:40:41.088+02:00 verbose -[7FD3250DC7C0] [Originator@6876 sub=Default] Subscribing to signal: 2 (SIGINT)
2018-06-25T11:40:41.088+02:00 verbose -[7FD3250DC7C0] [Originator@6876 sub=Default] Subscribing to signal: 4 (SIGILL)
2018-06-25T11:40:41.088+02:00 verbose -[7FD3250DC7C0] [Originator@6876 sub=Default] Subscribing to signal: 6 (SIGABRT)
2018-06-25T11:40:41.088+02:00 verbose -[7FD3250DC7C0] [Originator@6876 sub=Default] Subscribing to signal: 8 (SIGFPE)
2018-06-25T11:40:41.088+02:00 verbose -[7FD3250DC7C0] [Originator@6876 sub=Default] Subscribing to signal: 15 (SIGTERM)
2018-06-25T11:40:41.088+02:00 verbose -[7FD3250DC7C0] [Originator@6876 sub=Default] Subscribing to signal: 1 (SIGHUP)
2018-06-25T11:40:41.088+02:00 verbose -[7FD3250DC7C0] [Originator@6876 sub=Default] Subscribing to signal: 3 (SIGQUIT)
2018-06-25T11:40:41.088+02:00 verbose -[7FD3250DC7C0] [Originator@6876 sub=Default] Subscribing to signal: 5 (SIGTRAP)
2018-06-25T11:40:41.088+02:00 verbose -[7FD3250DC7C0] [Originator@6876 sub=Default] Subscribing to signal: 9 (SIGKILL)
2018-06-25T11:40:41.088+02:00 verbose -[7FD3250DC7C0] [Originator@6876 sub=Default] Subscribing to signal: 13 (SIGPIPE)
2018-06-25T11:40:41.088+02:00 verbose -[7FD3250DC7C0] [Originator@6876 sub=Default] Initializing progress
2018-06-25T11:40:41.088+02:00 verbose -[7FD3250DC7C0] [Originator@6876 sub=Default] OvfTool Version: VMware ovftool 4.1.0 (build-3634792)
2018-06-25T11:40:41.088+02:00 verbose -[7FD3250DC7C0] [Originator@6876 sub=Default] Using home directory: ./.ovftool
2018-06-25T11:40:41.092+02:00 verbose -[7FD3250DC7C0] [Originator@6876 sub=Default] Curl Version: 7.43.0
2018-06-25T11:40:41.092+02:00 verbose -[7FD3250DC7C0] [Originator@6876 sub=Default] Done initializing libs
2018-06-25T11:40:41.092+02:00 verbose -[7FD3250DC7C0] [Originator@6876 sub=Default] Determining source
2018-06-25T11:40:41.092+02:00 verbose -[7FD3250DC7C0] [Originator@6876 sub=Default] Determining target
2018-06-25T11:40:41.092+02:00 verbose -[7FD3250DC7C0] [Originator@6876 sub=Default] Getting source
2018-06-25T11:40:41.092+02:00 verbose -[7FD3250DC7C0] [Originator@6876 sub=Default] Parsing URL
2018-06-25T11:40:41.093+02:00 verbose -[7FD3250DC7C0] [Originator@6876 sub=Default] Parsing URL
2018-06-25T11:40:41.095+02:00 verbose -[7FD3250DC7C0] [Originator@6876 sub=Default] Opening source
2018-06-25T11:40:41.095+02:00 verbose -[7FD3250DC7C0] [Originator@6876 sub=Default] OvfPackageSourceBase::Open
2018-06-25T11:40:41.097+02:00 verbose -[7FD3250DC7C0] [Originator@6876 sub=Default] Manifest file present. Parsing file.
2018-06-25T11:40:41.097+02:00 verbose -[7FD3250DC7C0] [Originator@6876 sub=Default] Manifest file entry: SHA1(nsx-controller.vmdk) = 782831bc9105d7ff7b00509038d1407081da6107
2018-06-25T11:40:41.097+02:00 verbose -[7FD3250DC7C0] [Originator@6876 sub=Default] Certificate file present. Validating content.
2018-06-25T11:40:41.097+02:00 verbose -[7FD3250DC7C0] [Originator@6876 sub=Default] Certificate found: -----BEGIN CERTIFICATE-----
--> MIIDyzCCArOgAwIBAgIJAKH7xLtwMqSZMA0GCSqGSIb3DQEBBQUAME0xCzAJBgNV
--> BAYTAlVTMRMwEQYDVQQIEwpDYWxpZm9ybmlhMRIwEAYDVQQHEwlQYWxvIEFsdG8x
--> FTATBgNVBAoTDFZNd2FyZSwgSW5jLjAeFw0xMDAyMjYyMjE3NDFaFw0yNjAxMDMy
--> MjE3NDFaME0xCzAJBgNVBAYTAlVTMRMwEQYDVQQIEwpDYWxpZm9ybmlhMRIwEAYD
--> VQQHEwlQYWxvIEFsdG8xFTATBgNVBAoTDFZNd2FyZSwgSW5jLjCCASAwDQYJKoZI
--> hvcNAQEBBQADggENADCCAQgCggEBALU9NUtC39fqG7yo2XAswUmtli9uA+31uAMw
--> 9FFHAEv/it8pzBQZ/4r+2bN+GnXOWhuDd1K4ApKMRvoO4LwQfZxrkx4pXrsu0gdb
--> 4OunHw0D8MrdzSoob8Js/uq+IJ+8Bhsc6b7RzTUt9HeDWzHasAJVgMsjehGt23ay
--> 9FKOT6dVD6D/Xi3qJnB/4t/XNS6L63dC3ea4guzKDyLaXIP5bf/m56jvVImFjhhT
--> W2ASbnEUlZIVrEuyVcdG7e3FvZufE553JmHL0YG/0m5bIHXKRzBRx0D3HHOAzOKw
--> kkOnxJHSTN4Hz8hSYCWvzUAjSYL3Q8qiTd7GHJ2ynsRnu3KlzKUCAQOjga8wgaww
--> HQYDVR0OBBYEFHg8KQJdm8NPQDmYP41uEgKG+VNwMH0GA1UdIwR2MHSAFHg8KQJd
--> m8NPQDmYP41uEgKG+VNwoVGkTzBNMQswCQYDVQQGEwJVUzETMBEGA1UECBMKQ2Fs
--> aWZvcm5pYTESMBAGA1UEBxMJUGFsbyBBbHRvMRUwEwYDVQQKEwxWTXdhcmUsIElu
--> Yy6CCQCh+8S7cDKkmTAMBgNVHRMEBTADAQH/MA0GCSqGSIb3DQEBBQUAA4IBAQCP
--> nVEBVF2jYEsgaTJ1v17HNTVTD5pBPfbQk/2vYVZEWL20PtJuLeSWwoo5+TnCSp69
--> i9n1Hpm9JWHjyb1Lba8Xx7VC4FferIyxt0ivRm9l9ouo/pQAR8xyqjTg1qfr5V8S
--> fZElKbjpzSMPrxLwF77h+YB+YjqWAJpVV+fAkAvK7K9vMiFgW60teZBxVW/XlmG0
--> IJaSUWSI3/A+bA6fuIy8PMmpQMtm0droHrCnViAVRhMMgEC/doMH1GqUSmoiyQ1G
--> PifLAp5wV5/HV+S9AGrb8HGdWIvW+kBgmCl0wSf2JFYm1bpq30CVE4EC0MAY1mJG
--> vSqQGIbCybw5KTCXRQ8d
--> -----END CERTIFICATE-----
--> 
2018-06-25T11:40:41.098+02:00 verbose -[7FD3250DC7C0] [Originator@6876 sub=Default] Using Linux certificate repository: /etc/ssl/certs/ca-certificates.crt
2018-06-25T11:40:41.098+02:00 verbose -[7FD3250DC7C0] [Originator@6876 sub=Default] Using certificate repository at /data/BITS/ovftool/certs
2018-06-25T11:40:41.102+02:00 verbose -[7FD3250DC7C0] [Originator@6876 sub=Default] Referenced file in OVF descriptor does not appear in the manifest file. This is allowed by OVF spec.
2018-06-25T11:40:41.103+02:00 verbose -[7FD3250DC7C0] [Originator@6876 sub=Default] Verifying that the files references in manifest are valid
2018-06-25T11:40:41.103+02:00 verbose -[7FD3250DC7C0] [Originator@6876 sub=Default] OvfPackageSourceBase parsing message bundle
2018-06-25T11:40:41.105+02:00 verbose -[7FD3250DC7C0] [Originator@6876 sub=Default] Validating files
2018-06-25T11:40:41.105+02:00 verbose -[7FD3250DC7C0] [Originator@6876 sub=Default] Getting target
2018-06-25T11:40:41.105+02:00 verbose -[7FD3250DC7C0] [Originator@6876 sub=Default] Connecting to vi host
2018-06-25T11:40:41.105+02:00 verbose -[7FD3250DC7C0] [Originator@6876 sub=Default] Skip SSL verification
2018-06-25T11:40:41.105+02:00 verbose -[7FD3250DC7C0] [Originator@6876 sub=HttpConnectionPool-000000] HttpConnectionPoolImpl created. maxPoolConnections = 20; idleTimeout = 900000000; maxOpenConnections = 20; maxConnectionAge = 0
2018-06-25T11:40:41.105+02:00 verbose -[7FD3250DC7C0] [Originator@6876 sub=Default] Getting version of the VI host : vcsa.cpod-lab.shwrfr.mooo.com
2018-06-25T11:40:41.107+02:00 verbose -[7FD3250DC7C0] [Originator@6876 sub=Default] Initializing new curl session
2018-06-25T11:40:41.107+02:00 verbose -[7FD3250DC7C0] [Originator@6876 sub=Default] WebRequest set basic http authorization, username : administrator%40cpod-lab.shwrfr.mooo.com
2018-06-25T11:40:41.107+02:00 verbose -[7FD3250DC7C0] [Originator@6876 sub=Default] Getting http page: https://vcsa.cpod-lab.shwrfr.mooo.com/sdk/vimServiceVersions.xml
2018-06-25T11:40:41.120+02:00 verbose -[7FD3250DC7C0] [Originator@6876 sub=Default] Http response code: 200
2018-06-25T11:40:41.120+02:00 verbose -[7FD3250DC7C0] [Originator@6876 sub=Default] Http response body:
--> <?xml version="1.0" encoding="UTF-8" ?><namespaces version="1.0"><namespace><name>urn:vim25</name><version>6.7</version><priorVersions><version>6.5</version><version>6.0</version><version>5.5</version><version>5.1</version><version>5.0</version><version>4.1</version><version>4.0</version></priorVersions></namespace></namespaces>
--> 
2018-06-25T11:40:41.120+02:00 verbose -[7FD3250DC7C0] [Originator@6876 sub=Default] Curl session torn down
2018-06-25T11:40:41.120+02:00 verbose -[7FD3250DC7C0] [Originator@6876 sub=Default] [ViConnection] Using vim API version: 6.0
2018-06-25T11:40:41.138+02:00 verbose -[7FD3250DC7C0] [Originator@6876 sub=Default] Determine if server is a standalone host or vpxd
2018-06-25T11:40:41.138+02:00 verbose -[7FD3250DC7C0] [Originator@6876 sub=Default] Login to server based on username and password
2018-06-25T11:40:41.138+02:00 verbose -[7FD3250DC7C0] [Originator@6876 sub=Default] Setting VI connection message locale (via login) to: 
2018-06-25T11:40:41.139+02:00 verbose -[7FD3250DC7C0] [Originator@6876 sub=HttpConnectionPool-000001] HttpConnectionPoolImpl created. maxPoolConnections = 1; idleTimeout = 900000000; maxOpenConnections = 1; maxConnectionAge = 0
2018-06-25T11:40:41.182+02:00 verbose -[7FD3250DC7C0] [Originator@6876 sub=Default] Setup nfcService, used to get a ticket for uploading/downloading a disk.
2018-06-25T11:40:41.186+02:00 verbose -[7FD3250DC7C0] [Originator@6876 sub=Default] Get host or vc sslthumpprint.
2018-06-25T11:40:41.186+02:00 verbose -[7FD3250DC7C0] [Originator@6876 sub=Default] Keeping VI session alive
2018-06-25T11:40:41.206+02:00 verbose -[7FD3250DC7C0] [Originator@6876 sub=Default] Ovf converter is executing
2018-06-25T11:40:41.207+02:00 verbose -[7FD3250DC7C0] [Originator@6876 sub=Default] Starting Ovf convertion, OVF source Descriptor: <?xml version="1.0" encoding="UTF-8"?>
--> <ovf:Envelope xmlns:ovf="http://schemas.dmtf.org/ovf/envelope/1" xmlns="http://schemas.dmtf.org/ovf/envelope/1" xmlns:rasd="http://schemas.dmtf.org/wbem/wscim/1/cim-schema/2/CIM_ResourceAllocationSettingData" xmlns:vssd="http://schemas.dmtf.org/wbem/wscim/1/cim-schema/2/CIM_VirtualSystemSettingData" xmlns:xsi="http://www.w3.org/2001/XMLSchema-instance" xmlns:vmw="http://www.vmware.com/schema/ovf">
-->   <References>
-->     <File ovf:href="nsx-controller.vmdk" ovf:size="976939520" ovf:id="nsx-controller.vmdk_id"/>
-->   </References>
-->   <DeploymentOptionSection>
-->     <Info>The list of deployment options</Info>
-->     <Configuration ovf:id="small">
-->       <Label ovf:msgid="config.small.label">Small</Label>
-->       <Description ovf:msgid="config.small.description">
--> IMPORTANT: This configuration is intended for proof-of-concept or test environments and should not be used in a production environment.
--> 
--> This configuration requires the following:
--> * 2 vCPU
--> * 8GB RAM
--> * 120GB Storage
--> * VM hardware version 10 or greater (vSphere 5.5 or greater)
-->       </Description>
-->     </Configuration>
-->     <Configuration ovf:id="medium" ovf:default="true">
-->       <Label ovf:msgid="config.medium.label">Medium</Label>
-->       <Description ovf:msgid="config.medium.description">
--> This configuration requires the following:
--> * 4 vCPU
--> * 16GB RAM
--> * 120GB Storage
--> * VM hardware version 10 or greater (vSphere 5.5 or greater)
-->       </Description>
-->     </Configuration>
-->     <Configuration ovf:id="large">
-->       <Label ovf:msgid="config.large.label">Large</Label>
-->       <Description ovf:msgid="config.large.description">
--> IMPORTANT: This configuration is intended for proof-of-concept or test environments and should not be used in a production environment.
--> 
--> This configuration requires the following:
--> * 8 vCPU
--> * 32GB RAM
--> * 120GB Storage
--> * VM hardware version 10 or greater (vSphere 5.5 or greater)
-->       </Description>
-->     </Configuration>
-->   </DeploymentOptionSection>
-->   <NetworkSection>
-->     <Info>List of logical networks used in the package</Info>
-->     <Network ovf:name="Network 1">
-->       <Description>Network 1</Description>
-->     </Network>
-->   </NetworkSection>
-->   <vmw:IpAssignmentSection ovf:required="false" vmw:protocols="IPv4,IPv6" vmw:schemes="">
-->     <Info>Supported IP assignment schemes</Info>
-->   </vmw:IpAssignmentSection>
-->   <DiskSection>
-->     <Info>List of the virtual disks and partitions needed</Info>
-->     <Disk ovf:diskId="system" ovf:capacity="122880" ovf:capacityAllocationUnits="byte * 2^20" ovf:format="http://www.vmware.com/interfaces/specifications/vmdk.html#streamOptimized" ovf:fileRef="nsx-controller.vmdk_id" ovf:populatedSize="2380070912"/>
-->   </DiskSection>
-->   <VirtualSystem ovf:id="nsx-controller">
-->     <Info>A virtual machine</Info>
-->     <ProductSection ovf:required="false">
-->       <Info>VM ISV branding information</Info>
-->       <Product>nsx-controller</Product>
-->       <Vendor>VMware, Inc</Vendor>
-->       <!--
-->             Version is the actual product version in the
-->             form X.X.X.X where X is an unsigned 16-bit integer.
--> 
-->             FullVersion is a descriptive version string
-->             including, for example, alpha or beta designations
-->             and other release criteria.
-->         -->
-->       <Version>2.2.0.0</Version>
-->       <FullVersion>2.2.0.0.0.8680774</FullVersion>
-->       <ProductUrl/>
-->       <VendorUrl/>
-->       <AppUrl>http://${vami.ip0.nsx-controller}/</AppUrl>
-->       <Category>Application</Category>
-->       <Property ovf:key="nsx_passwd_0" ovf:type="string" ovf:userConfigurable="true" ovf:qualifiers="MinLen(1)" ovf:password="true">
-->         <Label ovf:msgid="root.user.password.label">System Root User Password</Label>
-->         <Description ovf:msgid="root.user.password.desc">The password for root user for this VM.
--> Please follow the password complexity rule as below:
-->     - Min of 8 characters
-->     - &gt;=1 lower case letter
-->     - &gt;=1 upper case letter
-->     - &gt;=1 number digit
-->     - &gt;=1 special char
-->     - At least five different characters
-->     - No dictionary words
-->     - No palindromes
-->     NOTE: Password strength validation will occur during VM boot.  If the password does not meet the above criteria then login as root user for the change password prompt to appear.
-->       </Description>
-->       </Property>
-->       <Property ovf:key="nsx_cli_passwd_0" ovf:type="string" ovf:userConfigurable="true" ovf:qualifiers="MinLen(1)" ovf:password="true">
-->         <Label ovf:msgid="cli.user.password.label">CLI "admin" User Password</Label>
-->         <Description ovf:msgid="cli.user.password.desc">The password for default CLI user for this VM.
--> Please follow the password complexity rule as below:
-->     - Min of 8 characters
-->     - &gt;=1 lower case letter
-->     - &gt;=1 upper case letter
-->     - &gt;=1 number digit
-->     - &gt;=1 special char
-->     - At least five different characters
-->     - No dictionary words
-->     - No palindromes
-->     NOTE: Password strength validation will occur during VM boot.  If the password does not meet the above criteria then login as admin user for the change password prompt to appear.
-->       </Description>
-->       </Property>
-->       <Property ovf:key="nsx_cli_audit_passwd_0" ovf:type="string" ovf:userConfigurable="true" ovf:password="true">
-->         <Label ovf:msgid="cli.audit.user.password.label">CLI "audit" User Password</Label>
-->         <Description ovf:msgid="cli.audit.user.password.desc">The password for audit CLI user for this VM.
--> Please follow the password complexity rule as below:
-->     - Min of 8 characters
-->     - &gt;=1 lower case letter
-->     - &gt;=1 upper case letter
-->     - &gt;=1 number digit
-->     - &gt;=1 special char
-->     - At least five different characters
-->     - No dictionary words
-->     - No palindromes
-->     NOTE: Password strength validation will occur during VM boot.  If the password does not meet the above criteria then login as admin user and use the NSX CLI command "set user audit" to change the audit user password.
-->       </Description>
-->       </Property>
-->       <Property ovf:key="nsx_cli_username" ovf:type="string" ovf:userConfigurable="true">
-->         <Label ovf:msgid="cli.user.username.label">CLI "admin" username (default: admin)</Label>
-->         <Description ovf:msgid="cli.user.username.desc">Username of administrator user.</Description>
-->       </Property>
-->       <Property ovf:key="nsx_cli_audit_username" ovf:type="string" ovf:userConfigurable="true">
-->         <Label ovf:msgid="cli.user.username.label">CLI "audit" username (default: audit)</Label>
-->         <Description ovf:msgid="cli.user.username.desc">Username of auditor user.</Description>
-->       </Property>
-->       <Category ovf:msgid="network.ipv4.category">Network properties</Category>
-->       <Property ovf:key="nsx_hostname" ovf:type="string" ovf:userConfigurable="true">
-->         <Label ovf:msgid="hostname.label">Hostname</Label>
-->         <Description ovf:msgid="hostname.desc">The hostname for this VM.
-->     NOTE: Underscores in hostname are not allowed.  If hostname contains underscore, then the appliance gets deployed with 'localhost' as hostname.
-->         </Description>
-->       </Property>
-->       <Property ovf:key="nsx_gateway_0" ovf:type="string" ovf:userConfigurable="true">
-->         <Label ovf:msgid="network.ipv4.gateway.label">Default IPv4 Gateway</Label>
-->         <Description ovf:msgid="network.ipv4.gateway.desc">The default gateway for this VM.</Description>
-->       </Property>
-->       <Property ovf:key="nsx_ip_0" ovf:type="string" ovf:userConfigurable="true">
-->         <Label ovf:msgid="network.ipv4.address.label">Management Network IPv4 Address</Label>
-->         <Description ovf:msgid="network.ipv4.address.desc">The IPv4 Address for the first interface.</Description>
-->       </Property>
-->       <Property ovf:key="nsx_netmask_0" ovf:type="string" ovf:userConfigurable="true">
-->         <Label ovf:msgid="network.ipv4.netmask.label">Management Network Netmask</Label>
-->         <Description ovf:msgid="network.ipv4.netmask.desc">The netmask for the first interface.</Description>
-->       </Property>
-->       <Category ovf:msgid="dns.category">DNS</Category>
-->       <Property ovf:key="nsx_dns1_0" ovf:type="string" ovf:userConfigurable="true">
-->         <Label ovf:msgid="dns.primary.label">DNS Server list</Label>
-->         <Description ovf:msgid="dns.primary.desc">The space separated DNS server list for this VM (valid only if an IPv4 address is specified for the first interface).</Description>
-->       </Property>
-->       <Property ovf:key="nsx_domain_0" ovf:type="string" ovf:userConfigurable="true">
-->         <Label ovf:msgid="dns.domain.label">Domain Search List</Label>
-->         <Description ovf:msgid="dns.domain.desc">The space separated domain search list for this VM (valid only if an IPv4 address is specified for the first interface).</Description>
-->       </Property>
-->       <Category ovf:msgid="services.configuration.category">Services Configuration</Category>
-->       <Property ovf:key="nsx_ntp_0" ovf:type="string" ovf:userConfigurable="true">
-->         <Label ovf:msgid="ntp.label">NTP Server List</Label>
-->         <Description ovf:msgid="ntp.desc">The NTP server list(space separated) for this VM.</Description>
-->       </Property>
-->       <Property ovf:key="nsx_isSSHEnabled" ovf:value="false" ovf:type="boolean" ovf:userConfigurable="true">
-->         <Label ovf:msgid="ssh.label">Enable SSH</Label>
-->         <Description ovf:msgid="ssh.desc">Enabling SSH service is not recommended for security reasons.</Description>
-->       </Property>
-->       <Property ovf:key="nsx_allowSSHRootLogin" ovf:value="false" ovf:type="boolean" ovf:userConfigurable="true">
-->         <Label ovf:msgid="ssh.label">Allow root SSH logins</Label>
-->         <Description ovf:msgid="ssh.desc">Allowing root SSH logins is not recommended for security reasons.</Description>
-->       </Property>
-->       <Category ovf:msgid="internal.properties.category">Internal Properties</Category>
-->       <Property ovf:key="mpIp" ovf:type="string" ovf:userConfigurable="true">
-->         <Label ovf:msgid="mpIp.label">Manager IP</Label>
-->         <Description ovf:msgid="mpIp.desc">IP address for the management-plane.
-->         </Description>
-->       </Property>
-->       <Property ovf:key="mpToken" ovf:type="string" ovf:userConfigurable="true">
-->         <Label ovf:msgid="mpToken.label">Manager Token</Label>
-->         <Description ovf:msgid="mpToken.desc">Token for the management-plane.
-->         </Description>
-->       </Property>
-->       <Property ovf:key="mpThumbprint" ovf:type="string" ovf:userConfigurable="true">
-->         <Label ovf:msgid="mpThumbprint.label">Manager Thumbprint</Label>
-->         <Description ovf:msgid="mpThumbprint.desc">Thumbprint for management-plane.
-->         </Description>
-->       </Property>
-->       <Property ovf:key="mpNodeId" ovf:type="string" ovf:userConfigurable="true">
-->         <Label ovf:msgid="mpNodeId.label">Node ID</Label>
-->         <Description ovf:msgid="mpNodeId.desc">Node UUID.
-->         </Description>
-->       </Property>
-->       <Property ovf:key="joinToExistingCluster" ovf:type="string" ovf:userConfigurable="true">
-->         <Label ovf:msgid="joinToExistingCluster.label">Join controller to an existing cluster</Label>
-->         <Description ovf:msgid="joinToExistingCluster.desc">For internal use only.</Description>
-->       </Property>
-->       <Property ovf:key="sharedSecret" ovf:type="string" ovf:userConfigurable="true">
-->         <Label ovf:msgid="sharedSecret.label">Shared secret for cluster</Label>
-->         <Description ovf:msgid="sharedSecret.desc">For internal use only.</Description>
-->       </Property>
-->       <Property ovf:key="extraPara" ovf:type="string" ovf:userConfigurable="true">
-->         <Label ovf:msgid="extraPara.label">Optional parameters</Label>
-->         <Description ovf:msgid="extraPara.desc">For internal use only.
-->         </Description>
-->       </Property>
-->     </ProductSection>
-->     <ProductSection ovf:class="vami" ovf:instance="nsx-controller" ovf:required="false">
-->       <Info>VAMI Properties</Info>
-->     </ProductSection>
-->     <ProductSection ovf:class="vm" ovf:required="false">
-->       <Info>VM specific properties</Info>
-->     </ProductSection>
-->     <AnnotationSection>
-->       <Info/>
-->       <Annotation/>
-->     </AnnotationSection>
-->     <OperatingSystemSection ovf:id="94" ovf:version="" vmw:osType="ubuntu64Guest">
-->       <Info>Guest Operating System</Info>
-->       <Description>Ubuntu 12.04 64bit</Description>
-->     </OperatingSystemSection>
-->     <VirtualHardwareSection ovf:transport="com.vmware.guestInfo" ovf:required="false">
-->       <Info>Virtual Hardware Requirements</Info>
-->       <System>
-->         <vssd:ElementName>Virtual Hardware Family</vssd:ElementName>
-->         <vssd:InstanceID>0</vssd:InstanceID>
-->         <vssd:VirtualSystemType>vmx-13 vmx-11 vmx-10</vssd:VirtualSystemType>
-->       </System>
-->       <Item ovf:configuration="small">
-->         <rasd:AllocationUnits>hertz * 10^6</rasd:AllocationUnits>
-->         <rasd:Description>Number of virtual CPUs</rasd:Description>
-->         <rasd:ElementName xmlns:rasd="http://schemas.dmtf.org/wbem/wscim/1/cim-schema/2/CIM_ResourceAllocationSettingData">2 virtual CPU</rasd:ElementName>
-->         <rasd:InstanceID xmlns:rasd="http://schemas.dmtf.org/wbem/wscim/1/cim-schema/2/CIM_ResourceAllocationSettingData">1</rasd:InstanceID>
-->         <rasd:Reservation>2</rasd:Reservation>
-->         <rasd:ResourceType>3</rasd:ResourceType>
-->         <rasd:VirtualQuantity>2</rasd:VirtualQuantity>
-->       </Item>
-->       <Item ovf:configuration="medium">
-->         <rasd:AllocationUnits>hertz * 10^6</rasd:AllocationUnits>
-->         <rasd:Description>Number of virtual CPUs</rasd:Description>
-->         <rasd:ElementName xmlns:rasd="http://schemas.dmtf.org/wbem/wscim/1/cim-schema/2/CIM_ResourceAllocationSettingData">4 virtual CPU</rasd:ElementName>
-->         <rasd:InstanceID xmlns:rasd="http://schemas.dmtf.org/wbem/wscim/1/cim-schema/2/CIM_ResourceAllocationSettingData">1</rasd:InstanceID>
-->         <rasd:Reservation>4</rasd:Reservation>
-->         <rasd:ResourceType>3</rasd:ResourceType>
-->         <rasd:VirtualQuantity>4</rasd:VirtualQuantity>
-->       </Item>
-->       <Item ovf:configuration="large">
-->         <rasd:AllocationUnits>hertz * 10^6</rasd:AllocationUnits>
-->         <rasd:Description>Number of virtual CPUs</rasd:Description>
-->         <rasd:ElementName xmlns:rasd="http://schemas.dmtf.org/wbem/wscim/1/cim-schema/2/CIM_ResourceAllocationSettingData">8 virtual CPU</rasd:ElementName>
-->         <rasd:InstanceID xmlns:rasd="http://schemas.dmtf.org/wbem/wscim/1/cim-schema/2/CIM_ResourceAllocationSettingData">1</rasd:InstanceID>
-->         <rasd:Reservation>8</rasd:Reservation>
-->         <rasd:ResourceType>3</rasd:ResourceType>
-->         <rasd:VirtualQuantity>8</rasd:VirtualQuantity>
-->       </Item>
-->       <Item ovf:configuration="small">
-->         <rasd:AllocationUnits>byte * 2^20</rasd:AllocationUnits>
-->         <rasd:Description>Memory Size</rasd:Description>
-->         <rasd:ElementName xmlns:rasd="http://schemas.dmtf.org/wbem/wscim/1/cim-schema/2/CIM_ResourceAllocationSettingData">8192 MB of memory</rasd:ElementName>
-->         <rasd:InstanceID xmlns:rasd="http://schemas.dmtf.org/wbem/wscim/1/cim-schema/2/CIM_ResourceAllocationSettingData">2</rasd:InstanceID>
-->         <rasd:Reservation>8192</rasd:Reservation>
-->         <rasd:ResourceType>4</rasd:ResourceType>
-->         <rasd:VirtualQuantity>8192</rasd:VirtualQuantity>
-->       </Item>
-->       <Item ovf:configuration="medium">
-->         <rasd:AllocationUnits>byte * 2^20</rasd:AllocationUnits>
-->         <rasd:Description>Memory Size</rasd:Description>
-->         <rasd:ElementName xmlns:rasd="http://schemas.dmtf.org/wbem/wscim/1/cim-schema/2/CIM_ResourceAllocationSettingData">16384 MB of memory</rasd:ElementName>
-->         <rasd:InstanceID xmlns:rasd="http://schemas.dmtf.org/wbem/wscim/1/cim-schema/2/CIM_ResourceAllocationSettingData">2</rasd:InstanceID>
-->         <rasd:Reservation>16384</rasd:Reservation>
-->         <rasd:ResourceType>4</rasd:ResourceType>
-->         <rasd:VirtualQuantity>16384</rasd:VirtualQuantity>
-->       </Item>
-->       <Item ovf:configuration="large">
-->         <rasd:AllocationUnits>byte * 2^20</rasd:AllocationUnits>
-->         <rasd:Description>Memory Size</rasd:Description>
-->         <rasd:ElementName xmlns:rasd="http://schemas.dmtf.org/wbem/wscim/1/cim-schema/2/CIM_ResourceAllocationSettingData">32768 MB of memory</rasd:ElementName>
-->         <rasd:InstanceID xmlns:rasd="http://schemas.dmtf.org/wbem/wscim/1/cim-schema/2/CIM_ResourceAllocationSettingData">2</rasd:InstanceID>
-->         <rasd:Reservation>32768</rasd:Reservation>
-->         <rasd:ResourceType>4</rasd:ResourceType>
-->         <rasd:VirtualQuantity>32768</rasd:VirtualQuantity>
-->       </Item>
-->       <Item>
-->         <rasd:AutomaticAllocation>true</rasd:AutomaticAllocation>
-->         <rasd:Connection>Network 1</rasd:Connection>
-->         <rasd:ElementName xmlns:rasd="http://schemas.dmtf.org/wbem/wscim/1/cim-schema/2/CIM_ResourceAllocationSettingData">Ethernet adapter on vmnet</rasd:ElementName>
-->         <rasd:InstanceID xmlns:rasd="http://schemas.dmtf.org/wbem/wscim/1/cim-schema/2/CIM_ResourceAllocationSettingData">3</rasd:InstanceID>
-->         <rasd:ResourceSubType>VmxNet3</rasd:ResourceSubType>
-->         <rasd:ResourceType>10</rasd:ResourceType>
-->       </Item>
-->       <Item>
-->         <rasd:Address xmlns:rasd="http://schemas.dmtf.org/wbem/wscim/1/cim-schema/2/CIM_ResourceAllocationSettingData">0</rasd:Address>
-->         <rasd:ElementName xmlns:rasd="http://schemas.dmtf.org/wbem/wscim/1/cim-schema/2/CIM_ResourceAllocationSettingData">SCSI Controller 0  - lsilogic</rasd:ElementName>
-->         <rasd:InstanceID xmlns:rasd="http://schemas.dmtf.org/wbem/wscim/1/cim-schema/2/CIM_ResourceAllocationSettingData">4</rasd:InstanceID>
-->         <rasd:ResourceSubType>lsilogic</rasd:ResourceSubType>
-->         <rasd:ResourceType>6</rasd:ResourceType>
-->       </Item>
-->       <Item>
-->         <rasd:AddressOnParent>0</rasd:AddressOnParent>
-->         <rasd:ElementName xmlns:rasd="http://schemas.dmtf.org/wbem/wscim/1/cim-schema/2/CIM_ResourceAllocationSettingData">Harddisk 1</rasd:ElementName>
-->         <rasd:HostResource>ovf:/disk/system</rasd:HostResource>
-->         <rasd:InstanceID xmlns:rasd="http://schemas.dmtf.org/wbem/wscim/1/cim-schema/2/CIM_ResourceAllocationSettingData">5</rasd:InstanceID>
-->         <rasd:Parent>4</rasd:Parent>
-->         <rasd:ResourceType>17</rasd:ResourceType>
-->       </Item>
-->       <vmw:Config ovf:required="false" vmw:key="tools.syncTimeWithHost" vmw:value="false"/>
-->       <vmw:ExtraConfig vmw:key="time.synchronize.continue" vmw:value="false"/>
-->       <vmw:ExtraConfig vmw:key="time.synchronize.restore" vmw:value="false"/>
-->       <vmw:ExtraConfig vmw:key="time.synchronize.resume.disk" vmw:value="false"/>
-->       <vmw:ExtraConfig vmw:key="time.synchronize.shrink" vmw:value="false"/>
-->       <vmw:ExtraConfig vmw:key="time.synchronize.tools.startup" vmw:value="false"/>
--> 	<vmw:ExtraConfig vmw:key="RemoteDisplay.maxConnections" vmw:value="1"/>
-->     </VirtualHardwareSection>
-->   </VirtualSystem>
--> </ovf:Envelope>
--> 
2018-06-25T11:40:41.289+02:00 verbose -[7FD3250DC7C0] [Originator@6876 sub=Default] Hostsystem used as deploy target: vim.HostSystem:host-15
2018-06-25T11:40:41.688+02:00 verbose -[7FD3250DC7C0] [Originator@6876 sub=Default] Parsing URL
2018-06-25T11:40:41.690+02:00 verbose -[7FD3250DC7C0] [Originator@6876 sub=Default] Using file size as progress measure
2018-06-25T11:40:41.690+02:00 verbose -[7FD3153A0700] [Originator@6876 sub=Default] OvfPackageSourceBase getting file source
2018-06-25T11:40:41.690+02:00 verbose -[7FD3153A0700] [Originator@6876 sub=Default] HttpWriterFactory web request : https://esx-03.cpod-lab.shwrfr.mooo.com/nfc/52c584b5-5628-50b2-6775-f9a92d2286e9/disk-0.vmdk
2018-06-25T11:40:41.690+02:00 verbose -[7FD3153A0700] [Originator@6876 sub=Default] Initializing new curl session
2018-06-25T11:42:08.988+02:00 verbose -[7FD3153A0700] [Originator@6876 sub=Default] Closing writer. Locator: https://esx-03.cpod-lab.shwrfr.mooo.com/nfc/52c584b5-5628-50b2-6775-f9a92d2286e9/disk-0.vmdk (Written bytes: 976939520)
2018-06-25T11:42:08.994+02:00 verbose -[7FD3153A0700] [Originator@6876 sub=Default] Curl session torn down
2018-06-25T11:42:08.994+02:00 verbose -[7FD3250DC7C0] [Originator@6876 sub=Default] Ovf convertion finished
2018-06-25T11:42:09.853+02:00 verbose -[7FD3250DC7C0] [Originator@6876 sub=Default] OutputFilePath : 
2018-06-25T11:42:10.316+02:00 verbose -[7F9CD801A7C0] [Originator@6876 sub=Default] [SSL_DB] Using /home/vmware/.ovftool.ssldb as SSL DB
2018-06-25T11:42:10.317+02:00 verbose -[7F9CD801A7C0] [Originator@6876 sub=Default] Subscribing to signal: 2 (SIGINT)
2018-06-25T11:42:10.317+02:00 verbose -[7F9CD801A7C0] [Originator@6876 sub=Default] Subscribing to signal: 4 (SIGILL)
2018-06-25T11:42:10.317+02:00 verbose -[7F9CD801A7C0] [Originator@6876 sub=Default] Subscribing to signal: 6 (SIGABRT)
2018-06-25T11:42:10.317+02:00 verbose -[7F9CD801A7C0] [Originator@6876 sub=Default] Subscribing to signal: 8 (SIGFPE)
2018-06-25T11:42:10.317+02:00 verbose -[7F9CD801A7C0] [Originator@6876 sub=Default] Subscribing to signal: 15 (SIGTERM)
2018-06-25T11:42:10.317+02:00 verbose -[7F9CD801A7C0] [Originator@6876 sub=Default] Subscribing to signal: 1 (SIGHUP)
2018-06-25T11:42:10.317+02:00 verbose -[7F9CD801A7C0] [Originator@6876 sub=Default] Subscribing to signal: 3 (SIGQUIT)
2018-06-25T11:42:10.317+02:00 verbose -[7F9CD801A7C0] [Originator@6876 sub=Default] Subscribing to signal: 5 (SIGTRAP)
2018-06-25T11:42:10.317+02:00 verbose -[7F9CD801A7C0] [Originator@6876 sub=Default] Subscribing to signal: 9 (SIGKILL)
2018-06-25T11:42:10.317+02:00 verbose -[7F9CD801A7C0] [Originator@6876 sub=Default] Subscribing to signal: 13 (SIGPIPE)
2018-06-25T11:42:10.317+02:00 verbose -[7F9CD801A7C0] [Originator@6876 sub=Default] Initializing progress
2018-06-25T11:42:10.317+02:00 verbose -[7F9CD801A7C0] [Originator@6876 sub=Default] OvfTool Version: VMware ovftool 4.1.0 (build-3634792)
2018-06-25T11:42:10.317+02:00 verbose -[7F9CD801A7C0] [Originator@6876 sub=Default] Using home directory: ./.ovftool
2018-06-25T11:42:10.321+02:00 verbose -[7F9CD801A7C0] [Originator@6876 sub=Default] Curl Version: 7.43.0
2018-06-25T11:42:10.321+02:00 verbose -[7F9CD801A7C0] [Originator@6876 sub=Default] Done initializing libs
2018-06-25T11:42:10.321+02:00 verbose -[7F9CD801A7C0] [Originator@6876 sub=Default] Determining source
2018-06-25T11:42:10.321+02:00 verbose -[7F9CD801A7C0] [Originator@6876 sub=Default] Determining target
2018-06-25T11:42:10.321+02:00 verbose -[7F9CD801A7C0] [Originator@6876 sub=Default] Getting source
2018-06-25T11:42:10.321+02:00 verbose -[7F9CD801A7C0] [Originator@6876 sub=Default] Parsing URL
2018-06-25T11:42:10.321+02:00 verbose -[7F9CD801A7C0] [Originator@6876 sub=Default] Parsing URL
2018-06-25T11:42:10.322+02:00 verbose -[7F9CD801A7C0] [Originator@6876 sub=Default] Opening source
2018-06-25T11:42:10.322+02:00 verbose -[7F9CD801A7C0] [Originator@6876 sub=Default] OvfPackageSourceBase::Open
2018-06-25T11:42:10.323+02:00 verbose -[7F9CD801A7C0] [Originator@6876 sub=Default] Manifest file present. Parsing file.
2018-06-25T11:42:10.323+02:00 verbose -[7F9CD801A7C0] [Originator@6876 sub=Default] Manifest file entry: SHA1(nsx-edge.vmdk) = 6b5cb0d901016f25e20271cb60edf5ab6558aa5b
2018-06-25T11:42:10.323+02:00 verbose -[7F9CD801A7C0] [Originator@6876 sub=Default] Certificate file present. Validating content.
2018-06-25T11:42:10.323+02:00 verbose -[7F9CD801A7C0] [Originator@6876 sub=Default] Certificate found: -----BEGIN CERTIFICATE-----
--> MIIDyzCCArOgAwIBAgIJAKH7xLtwMqSZMA0GCSqGSIb3DQEBBQUAME0xCzAJBgNV
--> BAYTAlVTMRMwEQYDVQQIEwpDYWxpZm9ybmlhMRIwEAYDVQQHEwlQYWxvIEFsdG8x
--> FTATBgNVBAoTDFZNd2FyZSwgSW5jLjAeFw0xMDAyMjYyMjE3NDFaFw0yNjAxMDMy
--> MjE3NDFaME0xCzAJBgNVBAYTAlVTMRMwEQYDVQQIEwpDYWxpZm9ybmlhMRIwEAYD
--> VQQHEwlQYWxvIEFsdG8xFTATBgNVBAoTDFZNd2FyZSwgSW5jLjCCASAwDQYJKoZI
--> hvcNAQEBBQADggENADCCAQgCggEBALU9NUtC39fqG7yo2XAswUmtli9uA+31uAMw
--> 9FFHAEv/it8pzBQZ/4r+2bN+GnXOWhuDd1K4ApKMRvoO4LwQfZxrkx4pXrsu0gdb
--> 4OunHw0D8MrdzSoob8Js/uq+IJ+8Bhsc6b7RzTUt9HeDWzHasAJVgMsjehGt23ay
--> 9FKOT6dVD6D/Xi3qJnB/4t/XNS6L63dC3ea4guzKDyLaXIP5bf/m56jvVImFjhhT
--> W2ASbnEUlZIVrEuyVcdG7e3FvZufE553JmHL0YG/0m5bIHXKRzBRx0D3HHOAzOKw
--> kkOnxJHSTN4Hz8hSYCWvzUAjSYL3Q8qiTd7GHJ2ynsRnu3KlzKUCAQOjga8wgaww
--> HQYDVR0OBBYEFHg8KQJdm8NPQDmYP41uEgKG+VNwMH0GA1UdIwR2MHSAFHg8KQJd
--> m8NPQDmYP41uEgKG+VNwoVGkTzBNMQswCQYDVQQGEwJVUzETMBEGA1UECBMKQ2Fs
--> aWZvcm5pYTESMBAGA1UEBxMJUGFsbyBBbHRvMRUwEwYDVQQKEwxWTXdhcmUsIElu
--> Yy6CCQCh+8S7cDKkmTAMBgNVHRMEBTADAQH/MA0GCSqGSIb3DQEBBQUAA4IBAQCP
--> nVEBVF2jYEsgaTJ1v17HNTVTD5pBPfbQk/2vYVZEWL20PtJuLeSWwoo5+TnCSp69
--> i9n1Hpm9JWHjyb1Lba8Xx7VC4FferIyxt0ivRm9l9ouo/pQAR8xyqjTg1qfr5V8S
--> fZElKbjpzSMPrxLwF77h+YB+YjqWAJpVV+fAkAvK7K9vMiFgW60teZBxVW/XlmG0
--> IJaSUWSI3/A+bA6fuIy8PMmpQMtm0droHrCnViAVRhMMgEC/doMH1GqUSmoiyQ1G
--> PifLAp5wV5/HV+S9AGrb8HGdWIvW+kBgmCl0wSf2JFYm1bpq30CVE4EC0MAY1mJG
--> vSqQGIbCybw5KTCXRQ8d
--> -----END CERTIFICATE-----
--> 
2018-06-25T11:42:10.324+02:00 verbose -[7F9CD801A7C0] [Originator@6876 sub=Default] Using Linux certificate repository: /etc/ssl/certs/ca-certificates.crt
2018-06-25T11:42:10.324+02:00 verbose -[7F9CD801A7C0] [Originator@6876 sub=Default] Using certificate repository at /data/BITS/ovftool/certs
2018-06-25T11:42:10.329+02:00 verbose -[7F9CD801A7C0] [Originator@6876 sub=Default] Referenced file in OVF descriptor does not appear in the manifest file. This is allowed by OVF spec.
2018-06-25T11:42:10.330+02:00 verbose -[7F9CD801A7C0] [Originator@6876 sub=Default] Verifying that the files references in manifest are valid
2018-06-25T11:42:10.330+02:00 verbose -[7F9CD801A7C0] [Originator@6876 sub=Default] OvfPackageSourceBase parsing message bundle
2018-06-25T11:42:10.331+02:00 verbose -[7F9CD801A7C0] [Originator@6876 sub=Default] Validating files
2018-06-25T11:42:10.331+02:00 verbose -[7F9CD801A7C0] [Originator@6876 sub=Default] Getting target
2018-06-25T11:42:10.331+02:00 verbose -[7F9CD801A7C0] [Originator@6876 sub=Default] Connecting to vi host
2018-06-25T11:42:10.331+02:00 verbose -[7F9CD801A7C0] [Originator@6876 sub=Default] Skip SSL verification
2018-06-25T11:42:10.331+02:00 verbose -[7F9CD801A7C0] [Originator@6876 sub=HttpConnectionPool-000000] HttpConnectionPoolImpl created. maxPoolConnections = 20; idleTimeout = 900000000; maxOpenConnections = 20; maxConnectionAge = 0
2018-06-25T11:42:10.331+02:00 verbose -[7F9CD801A7C0] [Originator@6876 sub=Default] Getting version of the VI host : vcsa.cpod-lab.shwrfr.mooo.com
2018-06-25T11:42:10.333+02:00 verbose -[7F9CD801A7C0] [Originator@6876 sub=Default] Initializing new curl session
2018-06-25T11:42:10.333+02:00 verbose -[7F9CD801A7C0] [Originator@6876 sub=Default] WebRequest set basic http authorization, username : administrator%40cpod-lab.shwrfr.mooo.com
2018-06-25T11:42:10.333+02:00 verbose -[7F9CD801A7C0] [Originator@6876 sub=Default] Getting http page: https://vcsa.cpod-lab.shwrfr.mooo.com/sdk/vimServiceVersions.xml
2018-06-25T11:42:10.343+02:00 verbose -[7F9CD801A7C0] [Originator@6876 sub=Default] Http response code: 200
2018-06-25T11:42:10.343+02:00 verbose -[7F9CD801A7C0] [Originator@6876 sub=Default] Http response body:
--> <?xml version="1.0" encoding="UTF-8" ?><namespaces version="1.0"><namespace><name>urn:vim25</name><version>6.7</version><priorVersions><version>6.5</version><version>6.0</version><version>5.5</version><version>5.1</version><version>5.0</version><version>4.1</version><version>4.0</version></priorVersions></namespace></namespaces>
--> 
2018-06-25T11:42:10.343+02:00 verbose -[7F9CD801A7C0] [Originator@6876 sub=Default] Curl session torn down
2018-06-25T11:42:10.343+02:00 verbose -[7F9CD801A7C0] [Originator@6876 sub=Default] [ViConnection] Using vim API version: 6.0
2018-06-25T11:42:10.355+02:00 verbose -[7F9CD801A7C0] [Originator@6876 sub=Default] Determine if server is a standalone host or vpxd
2018-06-25T11:42:10.355+02:00 verbose -[7F9CD801A7C0] [Originator@6876 sub=Default] Login to server based on username and password
2018-06-25T11:42:10.355+02:00 verbose -[7F9CD801A7C0] [Originator@6876 sub=Default] Setting VI connection message locale (via login) to: 
2018-06-25T11:42:10.356+02:00 verbose -[7F9CD801A7C0] [Originator@6876 sub=HttpConnectionPool-000001] HttpConnectionPoolImpl created. maxPoolConnections = 1; idleTimeout = 900000000; maxOpenConnections = 1; maxConnectionAge = 0
2018-06-25T11:42:10.413+02:00 verbose -[7F9CD801A7C0] [Originator@6876 sub=Default] Setup nfcService, used to get a ticket for uploading/downloading a disk.
2018-06-25T11:42:10.417+02:00 verbose -[7F9CD801A7C0] [Originator@6876 sub=Default] Get host or vc sslthumpprint.
2018-06-25T11:42:10.417+02:00 verbose -[7F9CD801A7C0] [Originator@6876 sub=Default] Keeping VI session alive
2018-06-25T11:42:10.431+02:00 verbose -[7F9CD801A7C0] [Originator@6876 sub=Default] Ovf converter is executing
2018-06-25T11:42:10.432+02:00 verbose -[7F9CD801A7C0] [Originator@6876 sub=Default] Starting Ovf convertion, OVF source Descriptor: <?xml version="1.0" encoding="UTF-8"?>
--> <ovf:Envelope xmlns:ovf="http://schemas.dmtf.org/ovf/envelope/1" xmlns="http://schemas.dmtf.org/ovf/envelope/1" xmlns:rasd="http://schemas.dmtf.org/wbem/wscim/1/cim-schema/2/CIM_ResourceAllocationSettingData" xmlns:vssd="http://schemas.dmtf.org/wbem/wscim/1/cim-schema/2/CIM_VirtualSystemSettingData" xmlns:xsi="http://www.w3.org/2001/XMLSchema-instance" xmlns:vmw="http://www.vmware.com/schema/ovf">
-->   <References>
-->     <File ovf:href="nsx-edge.vmdk" ovf:size="693053952" ovf:id="nsx-edge.vmdk_id"/>
-->   </References>
-->   <DeploymentOptionSection>
-->     <Info>The list of deployment options</Info>
-->     <Configuration ovf:id="small">
-->       <Label ovf:msgid="config.small.label">Small</Label>
-->       <Description ovf:msgid="config.small.description">
--> IMPORTANT: This configuration is intended for proof-of-concept or test environments and should not be used in a production environment.
--> 
--> This configuration requires the following:
--> * 2 vCPU
--> * 4GB RAM
--> * 120GB Storage
--> * VM hardware version 11 or greater (vSphere 6.0 or greater)
-->       </Description>
-->     </Configuration>
-->     <Configuration ovf:id="medium" ovf:default="true">
-->       <Label ovf:msgid="config.medium.label">Medium</Label>
-->       <Description ovf:msgid="config.medium.description">
--> This configuration requires the following:
--> * 4 vCPU
--> * 8GB RAM
--> * 120GB Storage
--> * VM hardware version 11 or greater (vSphere 6.0 or greater)
-->       </Description>
-->     </Configuration>
-->     <Configuration ovf:id="large">
-->       <Label ovf:msgid="config.large.label">Large</Label>
-->       <Description ovf:msgid="config.large.description">
--> This configuration requires the following:
--> * 8 vCPU
--> * 16GB RAM
--> * 120GB Storage
--> * VM hardware version 11 or greater (vSphere 6.0 or greater)
-->       </Description>
-->     </Configuration>
-->   </DeploymentOptionSection>
-->   <NetworkSection>
-->     <Info>List of logical networks used in the package</Info>
-->     <Network ovf:name="Network 0">
-->       <Description>Network 0</Description>
-->     </Network>
-->     <Network ovf:name="Network 1">
-->       <Description>Network 1</Description>
-->     </Network>
-->     <Network ovf:name="Network 2">
-->       <Description>Network 2</Description>
-->     </Network>
-->     <Network ovf:name="Network 3">
-->       <Description>Network 3</Description>
-->     </Network>
-->   </NetworkSection>
-->   <vmw:IpAssignmentSection ovf:required="false" vmw:protocols="IPv4,IPv6" vmw:schemes="">
-->     <Info>Supported IP assignment schemes</Info>
-->   </vmw:IpAssignmentSection>
-->   <DiskSection>
-->     <Info>List of the virtual disks and partitions needed</Info>
-->     <Disk ovf:diskId="system" ovf:capacity="122880" ovf:capacityAllocationUnits="byte * 2^20" ovf:format="http://www.vmware.com/interfaces/specifications/vmdk.html#streamOptimized" ovf:fileRef="nsx-edge.vmdk_id" ovf:populatedSize="2115502080"/>
-->   </DiskSection>
-->   <VirtualSystem ovf:id="nsx-edge">
-->     <Info>A virtual machine</Info>
-->     <ProductSection ovf:required="false">
-->       <Info>VM ISV branding information</Info>
-->       <Product>nsx-edge</Product>
-->       <Vendor>VMware, Inc</Vendor>
-->       <!--
-->             Version is the actual product version in the
-->             form X.X.X.X where X is an unsigned 16-bit integer.
--> 
-->             FullVersion is a descriptive version string
-->             including, for example, alpha or beta designations
-->             and other release criteria.
-->         -->
-->       <Version>2.2.0.0</Version>
-->       <FullVersion>2.2.0.0.0.8680783</FullVersion>
-->       <ProductUrl/>
-->       <VendorUrl/>
-->       <AppUrl>http://${vami.ip0.nsx-edge}/</AppUrl>
-->       <Category>Application</Category>
-->       <Property ovf:key="nsx_passwd_0" ovf:type="string" ovf:userConfigurable="true" ovf:qualifiers="MinLen(1)" ovf:password="true">
-->         <Label ovf:msgid="root.user.password.label">System Root User Password</Label>
-->         <Description ovf:msgid="root.user.password.desc">The password for root user for this VM.
--> Please follow the password complexity rule as below:
-->     - Min of 8 characters
-->     - &gt;=1 lower case letter
-->     - &gt;=1 upper case letter
-->     - &gt;=1 number digit
-->     - &gt;=1 special char
-->     - At least five different characters
-->     - No dictionary words
-->     - No palindromes
-->     NOTE: Password strength validation will occur during VM boot.  If the password does not meet the above criteria then login as root user for the change password prompt to appear.
-->       </Description>
-->       </Property>
-->       <Property ovf:key="nsx_cli_passwd_0" ovf:type="string" ovf:userConfigurable="true" ovf:qualifiers="MinLen(1)" ovf:password="true">
-->         <Label ovf:msgid="cli.user.password.label">CLI "admin" User Password</Label>
-->         <Description ovf:msgid="cli.user.password.desc">The password for default CLI user for this VM.
--> Please follow the password complexity rule as below:
-->     - Min of 8 characters
-->     - &gt;=1 lower case letter
-->     - &gt;=1 upper case letter
-->     - &gt;=1 number digit
-->     - &gt;=1 special char
-->     - At least five different characters
-->     - No dictionary words
-->     - No palindromes
-->     NOTE: Password strength validation will occur during VM boot. If the password does not meet the above criteria then login as admin user for the change password prompt to appear.
-->       </Description>
-->       </Property>
-->       <Property ovf:key="nsx_cli_audit_passwd_0" ovf:type="string" ovf:userConfigurable="true" ovf:password="true">
-->         <Label ovf:msgid="cli.audit.user.password.label">CLI "audit" User Password</Label>
-->         <Description ovf:msgid="cli.audit.user.password.desc">The password for audit CLI user for this VM.
--> Please follow the password complexity rule as below:
-->     - Min of 8 characters
-->     - &gt;=1 lower case letter
-->     - &gt;=1 upper case letter
-->     - &gt;=1 number digit
-->     - &gt;=1 special char
-->     - At least five different characters
-->     - No dictionary words
-->     - No palindromes
-->     NOTE: Password strength validation will occur during VM boot.  If the password does not meet the above criteria then login as admin user and use the NSX CLI command "set user audit" to change the audit user password.
-->       </Description>
-->       </Property>
-->       <Property ovf:key="nsx_cli_username" ovf:type="string" ovf:userConfigurable="true">
-->         <Label ovf:msgid="cli.user.username.label">CLI "admin" username (default: admin)</Label>
-->         <Description ovf:msgid="cli.user.username.desc">Username of administrator user.</Description>
-->       </Property>
-->       <Property ovf:key="nsx_cli_audit_username" ovf:type="string" ovf:userConfigurable="true">
-->         <Label ovf:msgid="cli.user.username.label">CLI "audit" username (default: audit)</Label>
-->         <Description ovf:msgid="cli.user.username.desc">Username of auditor user.</Description>
-->       </Property>
-->       <Property ovf:key="mpIp" ovf:type="string" ovf:userConfigurable="true">
-->         <Label ovf:msgid="mpIp.label">Manager IP</Label>
-->         <Description ovf:msgid="mpIp.desc">IP address for the management-plane.
-->       </Description>
-->       </Property>
-->       <Property ovf:key="mpToken" ovf:type="string" ovf:userConfigurable="true">
-->         <Label ovf:msgid="mpToken.label">Manager Token</Label>
-->         <Description ovf:msgid="mpToken.desc">Token for the management-plane.
-->       </Description>
-->       </Property>
-->       <Property ovf:key="mpThumbprint" ovf:type="string" ovf:userConfigurable="true">
-->         <Label ovf:msgid="mpThumbprint.label">Manager Thumbprint</Label>
-->         <Description ovf:msgid="mpThumbprint.desc">Thumbprint for management-plane.
-->       </Description>
-->       </Property>
-->       <Property ovf:key="mpNodeId" ovf:type="string" ovf:userConfigurable="true">
-->         <Label ovf:msgid="mpNodeId.label">Node ID</Label>
-->         <Description ovf:msgid="mpNodeId.desc">Node UUID.
-->       </Description>
-->       </Property>
-->       <Property ovf:key="sddcMode" ovf:type="string" ovf:userConfigurable="true" ovf:value="">
-->         <Label ovf:msgid="sddcMode.label">SDDC Mode</Label>
-->         <Description ovf:msgid="sddcMode.desc">SDDC Mode the VM is running.
-->       </Description>
-->       </Property>
-->       <Property ovf:key="extraPara" ovf:type="string" ovf:userConfigurable="true">
-->         <Label ovf:msgid="extraPara.label">Optional parameters</Label>
-->         <Description ovf:msgid="extraPara.desc">For internal use only.
-->       </Description>
-->       </Property>
-->       <Category ovf:msgid="network.ipv4.category">Network properties</Category>
-->       <Property ovf:key="nsx_hostname" ovf:type="string" ovf:userConfigurable="true">
-->         <Label ovf:msgid="hostname.label">Hostname</Label>
-->         <Description ovf:msgid="hostname.desc">The hostname for this VM.
-->     NOTE: Underscores in hostname are not allowed.  If hostname contains underscore, then the appliance gets deployed with 'localhost' as hostname.
-->         </Description>
-->       </Property>
-->       <Property ovf:key="nsx_gateway_0" ovf:type="string" ovf:userConfigurable="true">
-->         <Label ovf:msgid="network.ipv4.gateway.label">Default IPv4 Gateway</Label>
-->         <Description ovf:msgid="network.ipv4.gateway.desc">The default gateway for this VM.</Description>
-->       </Property>
-->       <Property ovf:key="nsx_ip_0" ovf:type="string" ovf:userConfigurable="true">
-->         <Label ovf:msgid="network.ipv4.address.label">Management Network IPv4 Address</Label>
-->         <Description ovf:msgid="network.ipv4.address.desc">The IPv4 Address for the first interface.</Description>
-->       </Property>
-->       <Property ovf:key="nsx_netmask_0" ovf:type="string" ovf:userConfigurable="true">
-->         <Label ovf:msgid="network.ipv4.netmask.label">Management Network Netmask</Label>
-->         <Description ovf:msgid="network.ipv4.netmask.desc">The netmask for the first interface.</Description>
-->       </Property>
-->       <Property ovf:key="nsx_vmc_nestdb_port_0" ovf:type="string" ovf:value="" ovf:userConfigurable="true">
-->         <Label ovf:msgid="vmc.nestdb.port.label">TCP port for VMC host agent connection</Label>
-->         <Description ovf:msgid="vmc.nestdb.port.desc">The TCP port for VMC host agent connection.</Description>
-->       </Property>
-->       <Property ovf:key="nsx_vmc_host_subnet_0" ovf:type="string" ovf:value="" ovf:userConfigurable="true">
-->         <Label ovf:msgid="vmc.host.ipv4.subnet.label">VMC Host Agent IPv4 Subnet</Label>
-->         <Description ovf:msgid="vmc.host.ipv4.subnet.desc">The IPv4 Subnet for VMC host agent.</Description>
-->       </Property>
-->       <Property ovf:key="nsx_vmc_host_netmask_0" ovf:type="string" ovf:value="" ovf:userConfigurable="true">
-->         <Label ovf:msgid="vmc.host.ipv4.netmask.label">VMC Host Agent IPv4 Netmask</Label>
-->         <Description ovf:msgid="vmc.host.ipv4.netmask.desc">The IPv4 Netmask for VMC host agent.</Description>
-->       </Property>
-->       <Property ovf:key="nsx_vmc_mgw_host_network_downlink_0" ovf:type="string" ovf:value="" ovf:userConfigurable="true">
-->         <Label ovf:msgid="vmc.mgw.host.network.downlink.label">VMC MGW Downlink Connected to Host Management Network</Label>
-->         <Description ovf:msgid="vmc.mgw.host.network.downlink.desc">The VMC MGW downlink connected to host management network.</Description>
-->       </Property>
-->       <Category ovf:msgid="dns.category">DNS</Category>
-->       <Property ovf:key="nsx_dns1_0" ovf:type="string" ovf:userConfigurable="true">
-->         <Label ovf:msgid="dns.primary.label">DNS Server list</Label>
-->         <Description ovf:msgid="dns.primary.desc">The space separated DNS server list for this VM (valid only if an IPv4 address is specified for the first interface).</Description>
-->       </Property>
-->       <Property ovf:key="nsx_domain_0" ovf:type="string" ovf:userConfigurable="true">
-->         <Label ovf:msgid="dns.domain.label">Domain Search List</Label>
-->         <Description ovf:msgid="dns.domain.desc">The space separated domain search list for this VM (valid only if an IPv4 address is specified for the first interface).</Description>
-->       </Property>
-->       <Category ovf:msgid="services.configuration.category">Services Configuration</Category>
-->       <Property ovf:key="nsx_ntp_0" ovf:type="string" ovf:userConfigurable="true">
-->         <Label ovf:msgid="ntp.label">NTP Server List</Label>
-->         <Description ovf:msgid="ntp.desc">The NTP server list(space separated) for this VM.</Description>
-->       </Property>
-->       <Property ovf:key="nsx_isSSHEnabled" ovf:value="false" ovf:type="boolean" ovf:userConfigurable="true">
-->         <Label ovf:msgid="ssh.label">Enable SSH</Label>
-->         <Description ovf:msgid="ssh.desc">Enabling SSH service is not recommended for security reasons.</Description>
-->       </Property>
-->       <Property ovf:key="nsx_allowSSHRootLogin" ovf:value="false" ovf:type="boolean" ovf:userConfigurable="true">
-->         <Label ovf:msgid="ssh.label">Allow root SSH logins</Label>
-->         <Description ovf:msgid="ssh.desc">Allowing root SSH logins is not recommended for security reasons.</Description>
-->       </Property>
-->     </ProductSection>
-->     <ProductSection ovf:class="vami" ovf:instance="nsx-edge" ovf:required="false">
-->       <Info>VAMI Properties</Info>
-->     </ProductSection>
-->     <ProductSection ovf:class="vm" ovf:required="false">
-->       <Info>VM specific properties</Info>
-->     </ProductSection>
-->     <AnnotationSection>
-->       <Info/>
-->       <Annotation/>
-->     </AnnotationSection>
-->     <OperatingSystemSection ovf:id="94" ovf:version="" vmw:osType="ubuntu64Guest">
-->       <Info>Guest Operating System</Info>
-->       <Description>Ubuntu 12.04 64bit</Description>
-->     </OperatingSystemSection>
-->     <VirtualHardwareSection ovf:transport="com.vmware.guestInfo" ovf:required="false">
-->       <Info>Virtual Hardware Requirements</Info>
-->       <System>
-->         <vssd:ElementName>Virtual Hardware Family</vssd:ElementName>
-->         <vssd:InstanceID>0</vssd:InstanceID>
-->         <vssd:VirtualSystemType>vmx-13 vmx-11</vssd:VirtualSystemType>
-->       </System>
-->       <Item ovf:configuration="small">
-->         <rasd:AllocationUnits>hertz * 10^6</rasd:AllocationUnits>
-->         <rasd:Description>Number of virtual CPUs</rasd:Description>
-->         <rasd:ElementName xmlns:rasd="http://schemas.dmtf.org/wbem/wscim/1/cim-schema/2/CIM_ResourceAllocationSettingData">2 virtual CPU</rasd:ElementName>
-->         <rasd:InstanceID xmlns:rasd="http://schemas.dmtf.org/wbem/wscim/1/cim-schema/2/CIM_ResourceAllocationSettingData">1</rasd:InstanceID>
-->         <rasd:Reservation>2</rasd:Reservation>
-->         <rasd:ResourceType>3</rasd:ResourceType>
-->         <rasd:VirtualQuantity>2</rasd:VirtualQuantity>
-->       </Item>
-->       <Item ovf:configuration="medium">
-->         <rasd:AllocationUnits>hertz * 10^6</rasd:AllocationUnits>
-->         <rasd:Description>Number of virtual CPUs</rasd:Description>
-->         <rasd:ElementName xmlns:rasd="http://schemas.dmtf.org/wbem/wscim/1/cim-schema/2/CIM_ResourceAllocationSettingData">4 virtual CPU</rasd:ElementName>
-->         <rasd:InstanceID xmlns:rasd="http://schemas.dmtf.org/wbem/wscim/1/cim-schema/2/CIM_ResourceAllocationSettingData">1</rasd:InstanceID>
-->         <rasd:Reservation>4</rasd:Reservation>
-->         <rasd:ResourceType>3</rasd:ResourceType>
-->         <rasd:VirtualQuantity>4</rasd:VirtualQuantity>
-->       </Item>
-->       <Item ovf:configuration="large">
-->         <rasd:AllocationUnits>hertz * 10^6</rasd:AllocationUnits>
-->         <rasd:Description>Number of virtual CPUs</rasd:Description>
-->         <rasd:ElementName xmlns:rasd="http://schemas.dmtf.org/wbem/wscim/1/cim-schema/2/CIM_ResourceAllocationSettingData">8 virtual CPU</rasd:ElementName>
-->         <rasd:InstanceID xmlns:rasd="http://schemas.dmtf.org/wbem/wscim/1/cim-schema/2/CIM_ResourceAllocationSettingData">1</rasd:InstanceID>
-->         <rasd:Reservation>8</rasd:Reservation>
-->         <rasd:ResourceType>3</rasd:ResourceType>
-->         <rasd:VirtualQuantity>8</rasd:VirtualQuantity>
-->       </Item>
-->       <Item ovf:configuration="small">
-->         <rasd:AllocationUnits>byte * 2^20</rasd:AllocationUnits>
-->         <rasd:Description>Memory Size</rasd:Description>
-->         <rasd:ElementName xmlns:rasd="http://schemas.dmtf.org/wbem/wscim/1/cim-schema/2/CIM_ResourceAllocationSettingData">4096 MB of memory</rasd:ElementName>
-->         <rasd:InstanceID xmlns:rasd="http://schemas.dmtf.org/wbem/wscim/1/cim-schema/2/CIM_ResourceAllocationSettingData">2</rasd:InstanceID>
-->         <rasd:Reservation>4096</rasd:Reservation>
-->         <rasd:ResourceType>4</rasd:ResourceType>
-->         <rasd:VirtualQuantity>4096</rasd:VirtualQuantity>
-->       </Item>
-->       <Item ovf:configuration="medium">
-->         <rasd:AllocationUnits>byte * 2^20</rasd:AllocationUnits>
-->         <rasd:Description>Memory Size</rasd:Description>
-->         <rasd:ElementName xmlns:rasd="http://schemas.dmtf.org/wbem/wscim/1/cim-schema/2/CIM_ResourceAllocationSettingData">8192 MB of memory</rasd:ElementName>
-->         <rasd:InstanceID xmlns:rasd="http://schemas.dmtf.org/wbem/wscim/1/cim-schema/2/CIM_ResourceAllocationSettingData">2</rasd:InstanceID>
-->         <rasd:Reservation>8192</rasd:Reservation>
-->         <rasd:ResourceType>4</rasd:ResourceType>
-->         <rasd:VirtualQuantity>8192</rasd:VirtualQuantity>
-->       </Item>
-->       <Item ovf:configuration="large">
-->         <rasd:AllocationUnits>byte * 2^20</rasd:AllocationUnits>
-->         <rasd:Description>Memory Size</rasd:Description>
-->         <rasd:ElementName xmlns:rasd="http://schemas.dmtf.org/wbem/wscim/1/cim-schema/2/CIM_ResourceAllocationSettingData">16384 MB of memory</rasd:ElementName>
-->         <rasd:InstanceID xmlns:rasd="http://schemas.dmtf.org/wbem/wscim/1/cim-schema/2/CIM_ResourceAllocationSettingData">2</rasd:InstanceID>
-->         <rasd:Reservation>16384</rasd:Reservation>
-->         <rasd:ResourceType>4</rasd:ResourceType>
-->         <rasd:VirtualQuantity>16384</rasd:VirtualQuantity>
-->       </Item>
-->       <Item>
-->         <rasd:Address xmlns:rasd="http://schemas.dmtf.org/wbem/wscim/1/cim-schema/2/CIM_ResourceAllocationSettingData">0</rasd:Address>
-->         <rasd:ElementName xmlns:rasd="http://schemas.dmtf.org/wbem/wscim/1/cim-schema/2/CIM_ResourceAllocationSettingData">SCSI Controller 0  - lsilogic</rasd:ElementName>
-->         <rasd:InstanceID xmlns:rasd="http://schemas.dmtf.org/wbem/wscim/1/cim-schema/2/CIM_ResourceAllocationSettingData">3</rasd:InstanceID>
-->         <rasd:ResourceSubType>lsilogic</rasd:ResourceSubType>
-->         <rasd:ResourceType>6</rasd:ResourceType>
-->       </Item>
-->       <Item>
-->         <rasd:AddressOnParent>0</rasd:AddressOnParent>
-->         <rasd:ElementName xmlns:rasd="http://schemas.dmtf.org/wbem/wscim/1/cim-schema/2/CIM_ResourceAllocationSettingData">Harddisk 1</rasd:ElementName>
-->         <rasd:HostResource>ovf:/disk/system</rasd:HostResource>
-->         <rasd:InstanceID xmlns:rasd="http://schemas.dmtf.org/wbem/wscim/1/cim-schema/2/CIM_ResourceAllocationSettingData">4</rasd:InstanceID>
-->         <rasd:Parent>3</rasd:Parent>
-->         <rasd:ResourceType>17</rasd:ResourceType>
-->       </Item>
-->       <Item>
-->         <rasd:AutomaticAllocation>true</rasd:AutomaticAllocation>
-->         <rasd:Connection>Network 0</rasd:Connection>
-->         <rasd:ElementName xmlns:rasd="http://schemas.dmtf.org/wbem/wscim/1/cim-schema/2/CIM_ResourceAllocationSettingData">Ethernet adapter 0</rasd:ElementName>
-->         <rasd:InstanceID xmlns:rasd="http://schemas.dmtf.org/wbem/wscim/1/cim-schema/2/CIM_ResourceAllocationSettingData">5</rasd:InstanceID>
-->         <rasd:ResourceSubType>VmxNet3</rasd:ResourceSubType>
-->         <rasd:ResourceType>10</rasd:ResourceType>
-->       </Item>
-->       <Item>
-->         <rasd:AutomaticAllocation>true</rasd:AutomaticAllocation>
-->         <rasd:Connection>Network 1</rasd:Connection>
-->         <rasd:ElementName xmlns:rasd="http://schemas.dmtf.org/wbem/wscim/1/cim-schema/2/CIM_ResourceAllocationSettingData">Ethernet adapter 1</rasd:ElementName>
-->         <rasd:InstanceID xmlns:rasd="http://schemas.dmtf.org/wbem/wscim/1/cim-schema/2/CIM_ResourceAllocationSettingData">6</rasd:InstanceID>
-->         <rasd:ResourceSubType>VmxNet3</rasd:ResourceSubType>
-->         <rasd:ResourceType>10</rasd:ResourceType>
-->       </Item>
-->       <Item>
-->         <rasd:AutomaticAllocation>true</rasd:AutomaticAllocation>
-->         <rasd:Connection>Network 2</rasd:Connection>
-->         <rasd:ElementName xmlns:rasd="http://schemas.dmtf.org/wbem/wscim/1/cim-schema/2/CIM_ResourceAllocationSettingData">Ethernet adapter 2</rasd:ElementName>
-->         <rasd:InstanceID xmlns:rasd="http://schemas.dmtf.org/wbem/wscim/1/cim-schema/2/CIM_ResourceAllocationSettingData">7</rasd:InstanceID>
-->         <rasd:ResourceSubType>VmxNet3</rasd:ResourceSubType>
-->         <rasd:ResourceType>10</rasd:ResourceType>
-->       </Item>
-->       <Item>
-->         <rasd:AutomaticAllocation>true</rasd:AutomaticAllocation>
-->         <rasd:Connection>Network 3</rasd:Connection>
-->         <rasd:ElementName xmlns:rasd="http://schemas.dmtf.org/wbem/wscim/1/cim-schema/2/CIM_ResourceAllocationSettingData">Ethernet adapter 3</rasd:ElementName>
-->         <rasd:InstanceID xmlns:rasd="http://schemas.dmtf.org/wbem/wscim/1/cim-schema/2/CIM_ResourceAllocationSettingData">8</rasd:InstanceID>
-->         <rasd:ResourceSubType>VmxNet3</rasd:ResourceSubType>
-->         <rasd:ResourceType>10</rasd:ResourceType>
-->       </Item>
-->       <vmw:Config ovf:required="false" vmw:key="tools.syncTimeWithHost" vmw:value="false"/>
-->       <vmw:ExtraConfig vmw:key="time.synchronize.continue" vmw:value="false"/>
-->       <vmw:ExtraConfig vmw:key="time.synchronize.restore" vmw:value="false"/>
-->       <vmw:ExtraConfig vmw:key="time.synchronize.resume.disk" vmw:value="false"/>
-->       <vmw:ExtraConfig vmw:key="time.synchronize.shrink" vmw:value="false"/>
-->       <vmw:ExtraConfig vmw:key="time.synchronize.tools.startup" vmw:value="false"/>
--> 	<vmw:ExtraConfig vmw:key="sched.mem.pin" vmw:value="TRUE"/>
--> 	<vmw:ExtraConfig vmw:key="RemoteDisplay.maxConnections" vmw:value="1"/>
-->     </VirtualHardwareSection>
-->   </VirtualSystem>
--> </ovf:Envelope>
--> 
2018-06-25T11:42:10.478+02:00 verbose -[7F9CD801A7C0] [Originator@6876 sub=Default] Hostsystem used as deploy target: vim.HostSystem:host-10
2018-06-25T11:42:10.898+02:00 verbose -[7F9CD801A7C0] [Originator@6876 sub=Default] Parsing URL
2018-06-25T11:42:10.900+02:00 verbose -[7F9CD801A7C0] [Originator@6876 sub=Default] Using file size as progress measure
2018-06-25T11:42:10.900+02:00 verbose -[7F9CD7FD8700] [Originator@6876 sub=Default] OvfPackageSourceBase getting file source
2018-06-25T11:42:10.900+02:00 verbose -[7F9CD7FD8700] [Originator@6876 sub=Default] HttpWriterFactory web request : https://esx-01.cpod-lab.shwrfr.mooo.com/nfc/522a5560-a9b7-f407-b33c-e5589132b746/disk-0.vmdk
2018-06-25T11:42:10.900+02:00 verbose -[7F9CD7FD8700] [Originator@6876 sub=Default] Initializing new curl session
2018-06-25T11:43:03.472+02:00 verbose -[7F9CD7FD8700] [Originator@6876 sub=Default] Closing writer. Locator: https://esx-01.cpod-lab.shwrfr.mooo.com/nfc/522a5560-a9b7-f407-b33c-e5589132b746/disk-0.vmdk (Written bytes: 693053952)
2018-06-25T11:43:03.473+02:00 verbose -[7F9CD7FD8700] [Originator@6876 sub=Default] Curl session torn down
2018-06-25T11:43:03.473+02:00 verbose -[7F9CD801A7C0] [Originator@6876 sub=Default] Ovf convertion finished
2018-06-25T11:43:05.630+02:00 verbose -[7F9CD801A7C0] [Originator@6876 sub=Default] OutputFilePath : 
